#
# There is insufficient memory for the Java Runtime Environment to continue.
# Native memory allocation (mmap) failed to map 65536 bytes for Failed to commit metaspace.
# Possible reasons:
#   The system is out of physical RAM or swap space
#   The process is running with CompressedOops enabled, and the Java Heap may be blocking the growth of the native heap
# Possible solutions:
#   Reduce memory load on the system
#   Increase physical memory or swap space
#   Check if swap backing store is full
#   Decrease Java heap size (-Xmx/-Xms)
#   Decrease number of Java threads
#   Decrease Java thread stack sizes (-Xss)
#   Set larger code cache with -XX:ReservedCodeCacheSize=
#   JVM is running with Unscaled Compressed Oops mode in which the Java heap is
#     placed in the first 4GB address space. The Java Heap base address is the
#     maximum limit for the native heap growth. Please use -XX:HeapBaseMinAddress
#     to set the Java Heap base and to place the Java Heap above 4GB virtual address.
# This output file may be truncated or incomplete.
#
#  Out of Memory Error (virtualSpaceNode.cpp:110), pid=3568, tid=27052
#
# JRE version: OpenJDK Runtime Environment Temurin-17.0.9+9 (17.0.9+9) (build 17.0.9+9)
# Java VM: OpenJDK 64-Bit Server VM Temurin-17.0.9+9 (17.0.9+9, mixed mode, tiered, compressed oops, compressed class ptrs, g1 gc, windows-amd64)
# No core dump will be written. Minidumps are not enabled by default on client versions of Windows
#

---------------  S U M M A R Y ------------

Command Line: -Dfile.encoding=UTF-8 -Dstdout.encoding=UTF-8 -Dstderr.encoding=UTF-8 -XX:+ShowCodeDetailsInExceptionMessages Chung.main

Host: AMD Ryzen 5 5600H with Radeon Graphics         , 12 cores, 7G,  Windows 11 , 64 bit Build 22621 (10.0.22621.2428)
Time: Wed Nov 15 15:21:08 2023 SE Asia Standard Time elapsed time: 0.292645 seconds (0d 0h 0m 0s)

---------------  T H R E A D  ---------------

Current thread (0x000002096f0158f0):  JavaThread "main" [_thread_in_vm, id=27052, stack(0x000000f475900000,0x000000f475a00000)]

Stack: [0x000000f475900000,0x000000f475a00000]
Native frames: (J=compiled Java code, j=interpreted, Vv=VM code, C=native code)
V  [jvm.dll+0x67cf49]
V  [jvm.dll+0x83478a]
V  [jvm.dll+0x83624e]
V  [jvm.dll+0x8368b3]
V  [jvm.dll+0x247f1f]
V  [jvm.dll+0x83044b]
V  [jvm.dll+0x621776]
V  [jvm.dll+0x6217da]
V  [jvm.dll+0x62400a]
V  [jvm.dll+0x622116]
V  [jvm.dll+0x23d880]
V  [jvm.dll+0x1eca2b]
V  [jvm.dll+0x1e23d1]
V  [jvm.dll+0x54305e]
V  [jvm.dll+0x1f2e27]
V  [jvm.dll+0x7adb8b]
V  [jvm.dll+0x7aef5c]
V  [jvm.dll+0x7af2a8]
V  [jvm.dll+0x2401ee]
V  [jvm.dll+0x382e4e]
C  0x000002090754b5a5

The last pc belongs to new (printed below).
Java frames: (J=compiled Java code, j=interpreted, Vv=VM code)
j  java.lang.ProcessEnvironment.<clinit>()V+10 java.base@17.0.9
v  ~StubRoutines::call_stub
j  java.lang.System.getenv(Ljava/lang/String;)Ljava/lang/String;+40 java.base@17.0.9
j  sun.font.SunFontManager$3.run()Ljava/lang/Boolean;+8 java.desktop@17.0.9
j  sun.font.SunFontManager$3.run()Ljava/lang/Object;+1 java.desktop@17.0.9
j  java.security.AccessController.executePrivileged(Ljava/security/PrivilegedAction;Ljava/security/AccessControlContext;Ljava/lang/Class;)Ljava/lang/Object;+29 java.base@17.0.9
j  java.security.AccessController.doPrivileged(Ljava/security/PrivilegedAction;)Ljava/lang/Object;+5 java.base@17.0.9
j  sun.font.SunFontManager.<init>()V+225 java.desktop@17.0.9
j  sun.awt.Win32FontManager.<init>()V+1 java.desktop@17.0.9
v  ~StubRoutines::call_stub
j  jdk.internal.reflect.NativeConstructorAccessorImpl.newInstance0(Ljava/lang/reflect/Constructor;[Ljava/lang/Object;)Ljava/lang/Object;+0 java.base@17.0.9
j  jdk.internal.reflect.NativeConstructorAccessorImpl.newInstance([Ljava/lang/Object;)Ljava/lang/Object;+118 java.base@17.0.9
j  jdk.internal.reflect.DelegatingConstructorAccessorImpl.newInstance([Ljava/lang/Object;)Ljava/lang/Object;+5 java.base@17.0.9
j  java.lang.reflect.Constructor.newInstanceWithCaller([Ljava/lang/Object;ZLjava/lang/Class;)Ljava/lang/Object;+65 java.base@17.0.9
j  java.lang.reflect.Constructor.newInstance([Ljava/lang/Object;)Ljava/lang/Object;+30 java.base@17.0.9
j  sun.font.FontManagerFactory$1.run()Ljava/lang/Object;+32 java.desktop@17.0.9
j  java.security.AccessController.executePrivileged(Ljava/security/PrivilegedAction;Ljava/security/AccessControlContext;Ljava/lang/Class;)Ljava/lang/Object;+29 java.base@17.0.9
j  java.security.AccessController.doPrivileged(Ljava/security/PrivilegedAction;)Ljava/lang/Object;+5 java.base@17.0.9
j  sun.font.FontManagerFactory.getInstance()Lsun/font/FontManager;+17 java.desktop@17.0.9
j  sun.font.SunFontManager.getInstance()Lsun/font/SunFontManager;+0 java.desktop@17.0.9
j  sun.awt.PlatformFont.<init>(Ljava/lang/String;I)V+4 java.desktop@17.0.9
j  sun.awt.windows.WFontPeer.<init>(Ljava/lang/String;I)V+3 java.desktop@17.0.9
j  sun.awt.windows.WToolkit.getFontPeer(Ljava/lang/String;I)Ljava/awt/peer/FontPeer;+48 java.desktop@17.0.9
j  java.awt.Font.getFontPeer()Ljava/awt/peer/FontPeer;+31 java.desktop@17.0.9
v  ~StubRoutines::call_stub
j  sun.awt.windows.WComponentPeer._setFont(Ljava/awt/Font;)V+0 java.desktop@17.0.9
j  sun.awt.windows.WComponentPeer.setFont(Ljava/awt/Font;)V+7 java.desktop@17.0.9
j  sun.awt.windows.WWindowPeer.initialize()V+42 java.desktop@17.0.9
j  sun.awt.windows.WFramePeer.initialize()V+1 java.desktop@17.0.9
j  sun.awt.windows.WComponentPeer.<init>(Ljava/awt/Component;)V+83 java.desktop@17.0.9
j  sun.awt.windows.WCanvasPeer.<init>(Ljava/awt/Component;)V+2 java.desktop@17.0.9
j  sun.awt.windows.WPanelPeer.<init>(Ljava/awt/Component;)V+2 java.desktop@17.0.9
j  sun.awt.windows.WWindowPeer.<init>(Ljava/awt/Window;)V+2 java.desktop@17.0.9
j  sun.awt.windows.WFramePeer.<init>(Ljava/awt/Frame;)V+2 java.desktop@17.0.9
j  sun.awt.windows.WToolkit.createFrame(Ljava/awt/Frame;)Ljava/awt/peer/FramePeer;+5 java.desktop@17.0.9
j  java.awt.Frame.addNotify()V+20 java.desktop@17.0.9
j  java.awt.Window.show()V+8 java.desktop@17.0.9
j  java.awt.Component.show(Z)V+5 java.desktop@17.0.9
j  java.awt.Component.setVisible(Z)V+2 java.desktop@17.0.9
j  java.awt.Window.setVisible(Z)V+2 java.desktop@17.0.9
j  Chung.GiayTo.test(Ljavax/swing/JPanel;)V+43
j  Chung.main.main([Ljava/lang/String;)V+13
v  ~StubRoutines::call_stub
new  187 new  [0x000002090754b420, 0x000002090754b640]  544 bytes
[MachCode]
  0x000002090754b420: 4883 ec08 | c5fa 1104 | 24eb 1f48 | 83ec 10c5 | fb11 0424 | eb14 4883 | ec10 4889 | 0424 48c7 
  0x000002090754b440: 4424 0800 | 0000 00eb | 0150 410f | b755 010f | cac1 ea10 | 488b 4de8 | 488b 4908 | 488b 4908 
  0x000002090754b460: 488b 4108 | 807c 1004 | 070f 85d6 | 0000 0066 | 8b54 d148 | 488b 4928 | 488b 4cd1 | 0851 80b9 
  0x000002090754b480: 3301 0000 | 040f 85b9 | 0000 008b | 5108 f7c2 | 0100 0000 | 0f85 aa00 | 0000 498b | 8708 0100 
  0x000002090754b4a0: 0048 8d1c | 1049 3b9f | 1801 0000 | 0f87 9200 | 0000 4989 | 9f08 0100 | 00e9 0000 | 0000 4883 
  0x000002090754b4c0: ea10 0f84 | 0f00 0000 | 33c9 c1ea | 0348 894c | d008 48ff | ca75 f648 | c700 0100 | 0000 5933 
  0x000002090754b4e0: f689 700c | 48c1 e903 | 8948 0849 | ba2f 35cf | 96f9 7f00 | 0041 803a | 000f 8440 | 0000 0050 
  0x000002090754b500: 488b c848 | 83ec 20f7 | c40f 0000 | 000f 841a | 0000 0048 | 83ec 0849 | bae0 2b85 | 96f9 7f00 
  0x000002090754b520: 0041 ffd2 | 4883 c408 | e90d 0000 | 0049 bae0 | 2b85 96f9 | 7f00 0041 | ffd2 4883 | c420 58e9 
  0x000002090754b540: cd00 0000 | 5948 8b55 | e848 8b52 | 0848 8b52 | 0845 0fb7 | 4501 410f | c841 c1e8 | 10e8 0500 
  0x000002090754b560: 0000 e9aa | 0000 0048 | 8d44 2408 | 4c89 6dc0 | 498b cfc5 | f877 4989 | afa8 0200 | 0049 8987 
  0x000002090754b580: 9802 0000 | 4883 ec20 | f7c4 0f00 | 0000 0f84 | 1a00 0000 | 4883 ec08 | 49ba 002e | 4f96 f97f 
  0x000002090754b5a0: 0000 41ff | d248 83c4 | 08e9 0d00 | 0000 49ba | 002e 4f96 | f97f 0000 | 41ff d248 | 83c4 2049 
  0x000002090754b5c0: c787 9802 | 0000 0000 | 0000 49c7 | 87a8 0200 | 0000 0000 | 0049 c787 | a002 0000 | 0000 0000 
  0x000002090754b5e0: c5f8 7749 | 817f 0800 | 0000 000f | 8405 0000 | 00e9 0a59 | feff 498b | 87f0 0200 | 0049 c787 
  0x000002090754b600: f002 0000 | 0000 0000 | 4c8b 6dc0 | 4c8b 75c8 | c341 0fb6 | 5d03 4983 | c503 49ba | 909a d196 
  0x000002090754b620: f97f 0000 | 41ff 24da | 0000 0000 | 0000 0000 | 0000 0000 | 0000 0000 | 0000 0000 | 0000 0000 
[/MachCode]

---------------  P R O C E S S  ---------------

Threads class SMR info:
_java_thread_list=0x000002097e515bb0, length=16, elements={
0x000002096f0158f0, 0x000002097e013020, 0x000002097e0139e0, 0x0000020979ebd740,
0x0000020979ebe010, 0x0000020979ebe9d0, 0x0000020979ec2890, 0x0000020979ec5640,
0x000002097e040450, 0x000002097e053620, 0x000002097e19de50, 0x000002097e1b6010,
0x000002097e4b9010, 0x000002097e4b94f0, 0x000002097e4be9f0, 0x000002097e54ef40
}

Java Threads: ( => current thread )
=>0x000002096f0158f0 JavaThread "main" [_thread_in_vm, id=27052, stack(0x000000f475900000,0x000000f475a00000)]
  0x000002097e013020 JavaThread "Reference Handler" daemon [_thread_blocked, id=1752, stack(0x000000f476000000,0x000000f476100000)]
  0x000002097e0139e0 JavaThread "Finalizer" daemon [_thread_blocked, id=22612, stack(0x000000f476100000,0x000000f476200000)]
  0x0000020979ebd740 JavaThread "Signal Dispatcher" daemon [_thread_blocked, id=27104, stack(0x000000f476200000,0x000000f476300000)]
  0x0000020979ebe010 JavaThread "Attach Listener" daemon [_thread_blocked, id=25660, stack(0x000000f476300000,0x000000f476400000)]
  0x0000020979ebe9d0 JavaThread "Service Thread" daemon [_thread_blocked, id=26644, stack(0x000000f476400000,0x000000f476500000)]
  0x0000020979ec2890 JavaThread "Monitor Deflation Thread" daemon [_thread_blocked, id=26912, stack(0x000000f476500000,0x000000f476600000)]
  0x0000020979ec5640 JavaThread "C2 CompilerThread0" daemon [_thread_blocked, id=27012, stack(0x000000f476600000,0x000000f476700000)]
  0x000002097e040450 JavaThread "C1 CompilerThread0" daemon [_thread_blocked, id=27116, stack(0x000000f476700000,0x000000f476800000)]
  0x000002097e053620 JavaThread "Sweeper thread" daemon [_thread_blocked, id=27208, stack(0x000000f476800000,0x000000f476900000)]
  0x000002097e19de50 JavaThread "Notification Thread" daemon [_thread_blocked, id=27172, stack(0x000000f476900000,0x000000f476a00000)]
  0x000002097e1b6010 JavaThread "Common-Cleaner" daemon [_thread_blocked, id=27180, stack(0x000000f476b00000,0x000000f476c00000)]
  0x000002097e4b9010 JavaThread "Java2D Disposer" daemon [_thread_blocked, id=27192, stack(0x000000f476c00000,0x000000f476d00000)]
  0x000002097e4b94f0 JavaThread "AWT-Shutdown" [_thread_blocked, id=27196, stack(0x000000f476d00000,0x000000f476e00000)]
  0x000002097e4be9f0 JavaThread "AWT-Windows" daemon [_thread_in_native, id=27160, stack(0x000000f476e00000,0x000000f476f00000)]
  0x000002097e54ef40 JavaThread "AWT-EventQueue-0" [_thread_blocked, id=27148, stack(0x000000f476f00000,0x000000f477000000)]

Other Threads:
  0x0000020979eac5d0 VMThread "VM Thread" [stack: 0x000000f475f00000,0x000000f476000000] [id=15476]
  0x000002097e19e330 WatcherThread [stack: 0x000000f476a00000,0x000000f476b00000] [id=27176]
  0x000002096f06dbe0 GCTaskThread "GC Thread#0" [stack: 0x000000f475a00000,0x000000f475b00000] [id=27100]
  0x000002096f07ee60 ConcurrentGCThread "G1 Main Marker" [stack: 0x000000f475b00000,0x000000f475c00000] [id=27056]
  0x000002096f07f880 ConcurrentGCThread "G1 Conc#0" [stack: 0x000000f475c00000,0x000000f475d00000] [id=27112]
  0x000002096f0ce500 ConcurrentGCThread "G1 Refine#0" [stack: 0x000000f475d00000,0x000000f475e00000] [id=27028]
  0x0000020979d034d0 ConcurrentGCThread "G1 Service" [stack: 0x000000f475e00000,0x000000f475f00000] [id=27024]

Threads with active compile tasks:

VM state: not at safepoint (normal execution)

VM Mutex/Monitor currently owned by a thread:  ([mutex/lock_event])
[0x000002096cfbe9d0] Metaspace_lock - owner thread: 0x000002096f0158f0

Heap address: 0x000000008a400000, size: 1884 MB, Compressed Oops mode: 32-bit

CDS archive(s) not mapped
Compressed class space mapped at: 0x0000000100000000-0x0000000140000000, reserved size: 1073741824
Narrow klass base: 0x0000000000000000, Narrow klass shift: 3, Narrow klass range: 0x140000000

GC Precious Log:
 CPUs: 12 total, 12 available
 Memory: 7532M
 Large Page Support: Disabled
 NUMA Support: Disabled
 Compressed Oops: Enabled (32-bit)
 Heap Region Size: 1M
 Heap Min Capacity: 8M
 Heap Initial Capacity: 118M
 Heap Max Capacity: 1884M
 Pre-touch: Disabled
 Parallel Workers: 10
 Concurrent Workers: 3
 Concurrent Refinement Workers: 10
 Periodic GC: Disabled

Heap:
 garbage-first heap   total 120832K, used 4096K [0x000000008a400000, 0x0000000100000000)
  region size 1024K, 5 young (5120K), 0 survivors (0K)
 Metaspace       used 11567K, committed 11648K, reserved 1114112K
  class space    used 1103K, committed 1152K, reserved 1048576K

Heap Regions: E=young(eden), S=young(survivor), O=old, HS=humongous(starts), HC=humongous(continues), CS=collection set, F=free, OA=open archive, CA=closed archive, TAMS=top-at-mark-start (previous, next)
|   0|0x000000008a400000, 0x000000008a400000, 0x000000008a500000|  0%| F|  |TAMS 0x000000008a400000, 0x000000008a400000| Untracked 
|   1|0x000000008a500000, 0x000000008a500000, 0x000000008a600000|  0%| F|  |TAMS 0x000000008a500000, 0x000000008a500000| Untracked 
|   2|0x000000008a600000, 0x000000008a600000, 0x000000008a700000|  0%| F|  |TAMS 0x000000008a600000, 0x000000008a600000| Untracked 
|   3|0x000000008a700000, 0x000000008a700000, 0x000000008a800000|  0%| F|  |TAMS 0x000000008a700000, 0x000000008a700000| Untracked 
|   4|0x000000008a800000, 0x000000008a800000, 0x000000008a900000|  0%| F|  |TAMS 0x000000008a800000, 0x000000008a800000| Untracked 
|   5|0x000000008a900000, 0x000000008a900000, 0x000000008aa00000|  0%| F|  |TAMS 0x000000008a900000, 0x000000008a900000| Untracked 
|   6|0x000000008aa00000, 0x000000008aa00000, 0x000000008ab00000|  0%| F|  |TAMS 0x000000008aa00000, 0x000000008aa00000| Untracked 
|   7|0x000000008ab00000, 0x000000008ab00000, 0x000000008ac00000|  0%| F|  |TAMS 0x000000008ab00000, 0x000000008ab00000| Untracked 
|   8|0x000000008ac00000, 0x000000008ac00000, 0x000000008ad00000|  0%| F|  |TAMS 0x000000008ac00000, 0x000000008ac00000| Untracked 
|   9|0x000000008ad00000, 0x000000008ad00000, 0x000000008ae00000|  0%| F|  |TAMS 0x000000008ad00000, 0x000000008ad00000| Untracked 
|  10|0x000000008ae00000, 0x000000008ae00000, 0x000000008af00000|  0%| F|  |TAMS 0x000000008ae00000, 0x000000008ae00000| Untracked 
|  11|0x000000008af00000, 0x000000008af00000, 0x000000008b000000|  0%| F|  |TAMS 0x000000008af00000, 0x000000008af00000| Untracked 
|  12|0x000000008b000000, 0x000000008b000000, 0x000000008b100000|  0%| F|  |TAMS 0x000000008b000000, 0x000000008b000000| Untracked 
|  13|0x000000008b100000, 0x000000008b100000, 0x000000008b200000|  0%| F|  |TAMS 0x000000008b100000, 0x000000008b100000| Untracked 
|  14|0x000000008b200000, 0x000000008b200000, 0x000000008b300000|  0%| F|  |TAMS 0x000000008b200000, 0x000000008b200000| Untracked 
|  15|0x000000008b300000, 0x000000008b300000, 0x000000008b400000|  0%| F|  |TAMS 0x000000008b300000, 0x000000008b300000| Untracked 
|  16|0x000000008b400000, 0x000000008b400000, 0x000000008b500000|  0%| F|  |TAMS 0x000000008b400000, 0x000000008b400000| Untracked 
|  17|0x000000008b500000, 0x000000008b500000, 0x000000008b600000|  0%| F|  |TAMS 0x000000008b500000, 0x000000008b500000| Untracked 
|  18|0x000000008b600000, 0x000000008b600000, 0x000000008b700000|  0%| F|  |TAMS 0x000000008b600000, 0x000000008b600000| Untracked 
|  19|0x000000008b700000, 0x000000008b700000, 0x000000008b800000|  0%| F|  |TAMS 0x000000008b700000, 0x000000008b700000| Untracked 
|  20|0x000000008b800000, 0x000000008b800000, 0x000000008b900000|  0%| F|  |TAMS 0x000000008b800000, 0x000000008b800000| Untracked 
|  21|0x000000008b900000, 0x000000008b900000, 0x000000008ba00000|  0%| F|  |TAMS 0x000000008b900000, 0x000000008b900000| Untracked 
|  22|0x000000008ba00000, 0x000000008ba00000, 0x000000008bb00000|  0%| F|  |TAMS 0x000000008ba00000, 0x000000008ba00000| Untracked 
|  23|0x000000008bb00000, 0x000000008bb00000, 0x000000008bc00000|  0%| F|  |TAMS 0x000000008bb00000, 0x000000008bb00000| Untracked 
|  24|0x000000008bc00000, 0x000000008bc00000, 0x000000008bd00000|  0%| F|  |TAMS 0x000000008bc00000, 0x000000008bc00000| Untracked 
|  25|0x000000008bd00000, 0x000000008bd00000, 0x000000008be00000|  0%| F|  |TAMS 0x000000008bd00000, 0x000000008bd00000| Untracked 
|  26|0x000000008be00000, 0x000000008be00000, 0x000000008bf00000|  0%| F|  |TAMS 0x000000008be00000, 0x000000008be00000| Untracked 
|  27|0x000000008bf00000, 0x000000008bf00000, 0x000000008c000000|  0%| F|  |TAMS 0x000000008bf00000, 0x000000008bf00000| Untracked 
|  28|0x000000008c000000, 0x000000008c000000, 0x000000008c100000|  0%| F|  |TAMS 0x000000008c000000, 0x000000008c000000| Untracked 
|  29|0x000000008c100000, 0x000000008c100000, 0x000000008c200000|  0%| F|  |TAMS 0x000000008c100000, 0x000000008c100000| Untracked 
|  30|0x000000008c200000, 0x000000008c200000, 0x000000008c300000|  0%| F|  |TAMS 0x000000008c200000, 0x000000008c200000| Untracked 
|  31|0x000000008c300000, 0x000000008c300000, 0x000000008c400000|  0%| F|  |TAMS 0x000000008c300000, 0x000000008c300000| Untracked 
|  32|0x000000008c400000, 0x000000008c400000, 0x000000008c500000|  0%| F|  |TAMS 0x000000008c400000, 0x000000008c400000| Untracked 
|  33|0x000000008c500000, 0x000000008c500000, 0x000000008c600000|  0%| F|  |TAMS 0x000000008c500000, 0x000000008c500000| Untracked 
|  34|0x000000008c600000, 0x000000008c600000, 0x000000008c700000|  0%| F|  |TAMS 0x000000008c600000, 0x000000008c600000| Untracked 
|  35|0x000000008c700000, 0x000000008c700000, 0x000000008c800000|  0%| F|  |TAMS 0x000000008c700000, 0x000000008c700000| Untracked 
|  36|0x000000008c800000, 0x000000008c800000, 0x000000008c900000|  0%| F|  |TAMS 0x000000008c800000, 0x000000008c800000| Untracked 
|  37|0x000000008c900000, 0x000000008c900000, 0x000000008ca00000|  0%| F|  |TAMS 0x000000008c900000, 0x000000008c900000| Untracked 
|  38|0x000000008ca00000, 0x000000008ca00000, 0x000000008cb00000|  0%| F|  |TAMS 0x000000008ca00000, 0x000000008ca00000| Untracked 
|  39|0x000000008cb00000, 0x000000008cb00000, 0x000000008cc00000|  0%| F|  |TAMS 0x000000008cb00000, 0x000000008cb00000| Untracked 
|  40|0x000000008cc00000, 0x000000008cc00000, 0x000000008cd00000|  0%| F|  |TAMS 0x000000008cc00000, 0x000000008cc00000| Untracked 
|  41|0x000000008cd00000, 0x000000008cd00000, 0x000000008ce00000|  0%| F|  |TAMS 0x000000008cd00000, 0x000000008cd00000| Untracked 
|  42|0x000000008ce00000, 0x000000008ce00000, 0x000000008cf00000|  0%| F|  |TAMS 0x000000008ce00000, 0x000000008ce00000| Untracked 
|  43|0x000000008cf00000, 0x000000008cf00000, 0x000000008d000000|  0%| F|  |TAMS 0x000000008cf00000, 0x000000008cf00000| Untracked 
|  44|0x000000008d000000, 0x000000008d000000, 0x000000008d100000|  0%| F|  |TAMS 0x000000008d000000, 0x000000008d000000| Untracked 
|  45|0x000000008d100000, 0x000000008d100000, 0x000000008d200000|  0%| F|  |TAMS 0x000000008d100000, 0x000000008d100000| Untracked 
|  46|0x000000008d200000, 0x000000008d200000, 0x000000008d300000|  0%| F|  |TAMS 0x000000008d200000, 0x000000008d200000| Untracked 
|  47|0x000000008d300000, 0x000000008d300000, 0x000000008d400000|  0%| F|  |TAMS 0x000000008d300000, 0x000000008d300000| Untracked 
|  48|0x000000008d400000, 0x000000008d400000, 0x000000008d500000|  0%| F|  |TAMS 0x000000008d400000, 0x000000008d400000| Untracked 
|  49|0x000000008d500000, 0x000000008d500000, 0x000000008d600000|  0%| F|  |TAMS 0x000000008d500000, 0x000000008d500000| Untracked 
|  50|0x000000008d600000, 0x000000008d600000, 0x000000008d700000|  0%| F|  |TAMS 0x000000008d600000, 0x000000008d600000| Untracked 
|  51|0x000000008d700000, 0x000000008d700000, 0x000000008d800000|  0%| F|  |TAMS 0x000000008d700000, 0x000000008d700000| Untracked 
|  52|0x000000008d800000, 0x000000008d800000, 0x000000008d900000|  0%| F|  |TAMS 0x000000008d800000, 0x000000008d800000| Untracked 
|  53|0x000000008d900000, 0x000000008d900000, 0x000000008da00000|  0%| F|  |TAMS 0x000000008d900000, 0x000000008d900000| Untracked 
|  54|0x000000008da00000, 0x000000008da00000, 0x000000008db00000|  0%| F|  |TAMS 0x000000008da00000, 0x000000008da00000| Untracked 
|  55|0x000000008db00000, 0x000000008db00000, 0x000000008dc00000|  0%| F|  |TAMS 0x000000008db00000, 0x000000008db00000| Untracked 
|  56|0x000000008dc00000, 0x000000008dc00000, 0x000000008dd00000|  0%| F|  |TAMS 0x000000008dc00000, 0x000000008dc00000| Untracked 
|  57|0x000000008dd00000, 0x000000008dd00000, 0x000000008de00000|  0%| F|  |TAMS 0x000000008dd00000, 0x000000008dd00000| Untracked 
|  58|0x000000008de00000, 0x000000008de00000, 0x000000008df00000|  0%| F|  |TAMS 0x000000008de00000, 0x000000008de00000| Untracked 
|  59|0x000000008df00000, 0x000000008df00000, 0x000000008e000000|  0%| F|  |TAMS 0x000000008df00000, 0x000000008df00000| Untracked 
|  60|0x000000008e000000, 0x000000008e000000, 0x000000008e100000|  0%| F|  |TAMS 0x000000008e000000, 0x000000008e000000| Untracked 
|  61|0x000000008e100000, 0x000000008e100000, 0x000000008e200000|  0%| F|  |TAMS 0x000000008e100000, 0x000000008e100000| Untracked 
|  62|0x000000008e200000, 0x000000008e200000, 0x000000008e300000|  0%| F|  |TAMS 0x000000008e200000, 0x000000008e200000| Untracked 
|  63|0x000000008e300000, 0x000000008e300000, 0x000000008e400000|  0%| F|  |TAMS 0x000000008e300000, 0x000000008e300000| Untracked 
|  64|0x000000008e400000, 0x000000008e400000, 0x000000008e500000|  0%| F|  |TAMS 0x000000008e400000, 0x000000008e400000| Untracked 
|  65|0x000000008e500000, 0x000000008e500000, 0x000000008e600000|  0%| F|  |TAMS 0x000000008e500000, 0x000000008e500000| Untracked 
|  66|0x000000008e600000, 0x000000008e600000, 0x000000008e700000|  0%| F|  |TAMS 0x000000008e600000, 0x000000008e600000| Untracked 
|  67|0x000000008e700000, 0x000000008e700000, 0x000000008e800000|  0%| F|  |TAMS 0x000000008e700000, 0x000000008e700000| Untracked 
|  68|0x000000008e800000, 0x000000008e800000, 0x000000008e900000|  0%| F|  |TAMS 0x000000008e800000, 0x000000008e800000| Untracked 
|  69|0x000000008e900000, 0x000000008e900000, 0x000000008ea00000|  0%| F|  |TAMS 0x000000008e900000, 0x000000008e900000| Untracked 
|  70|0x000000008ea00000, 0x000000008ea00000, 0x000000008eb00000|  0%| F|  |TAMS 0x000000008ea00000, 0x000000008ea00000| Untracked 
|  71|0x000000008eb00000, 0x000000008eb00000, 0x000000008ec00000|  0%| F|  |TAMS 0x000000008eb00000, 0x000000008eb00000| Untracked 
|  72|0x000000008ec00000, 0x000000008ec00000, 0x000000008ed00000|  0%| F|  |TAMS 0x000000008ec00000, 0x000000008ec00000| Untracked 
|  73|0x000000008ed00000, 0x000000008ed00000, 0x000000008ee00000|  0%| F|  |TAMS 0x000000008ed00000, 0x000000008ed00000| Untracked 
|  74|0x000000008ee00000, 0x000000008ee00000, 0x000000008ef00000|  0%| F|  |TAMS 0x000000008ee00000, 0x000000008ee00000| Untracked 
|  75|0x000000008ef00000, 0x000000008ef00000, 0x000000008f000000|  0%| F|  |TAMS 0x000000008ef00000, 0x000000008ef00000| Untracked 
|  76|0x000000008f000000, 0x000000008f000000, 0x000000008f100000|  0%| F|  |TAMS 0x000000008f000000, 0x000000008f000000| Untracked 
|  77|0x000000008f100000, 0x000000008f100000, 0x000000008f200000|  0%| F|  |TAMS 0x000000008f100000, 0x000000008f100000| Untracked 
|  78|0x000000008f200000, 0x000000008f200000, 0x000000008f300000|  0%| F|  |TAMS 0x000000008f200000, 0x000000008f200000| Untracked 
|  79|0x000000008f300000, 0x000000008f300000, 0x000000008f400000|  0%| F|  |TAMS 0x000000008f300000, 0x000000008f300000| Untracked 
|  80|0x000000008f400000, 0x000000008f400000, 0x000000008f500000|  0%| F|  |TAMS 0x000000008f400000, 0x000000008f400000| Untracked 
|  81|0x000000008f500000, 0x000000008f500000, 0x000000008f600000|  0%| F|  |TAMS 0x000000008f500000, 0x000000008f500000| Untracked 
|  82|0x000000008f600000, 0x000000008f600000, 0x000000008f700000|  0%| F|  |TAMS 0x000000008f600000, 0x000000008f600000| Untracked 
|  83|0x000000008f700000, 0x000000008f700000, 0x000000008f800000|  0%| F|  |TAMS 0x000000008f700000, 0x000000008f700000| Untracked 
|  84|0x000000008f800000, 0x000000008f800000, 0x000000008f900000|  0%| F|  |TAMS 0x000000008f800000, 0x000000008f800000| Untracked 
|  85|0x000000008f900000, 0x000000008f900000, 0x000000008fa00000|  0%| F|  |TAMS 0x000000008f900000, 0x000000008f900000| Untracked 
|  86|0x000000008fa00000, 0x000000008fa00000, 0x000000008fb00000|  0%| F|  |TAMS 0x000000008fa00000, 0x000000008fa00000| Untracked 
|  87|0x000000008fb00000, 0x000000008fb00000, 0x000000008fc00000|  0%| F|  |TAMS 0x000000008fb00000, 0x000000008fb00000| Untracked 
|  88|0x000000008fc00000, 0x000000008fc00000, 0x000000008fd00000|  0%| F|  |TAMS 0x000000008fc00000, 0x000000008fc00000| Untracked 
|  89|0x000000008fd00000, 0x000000008fd00000, 0x000000008fe00000|  0%| F|  |TAMS 0x000000008fd00000, 0x000000008fd00000| Untracked 
|  90|0x000000008fe00000, 0x000000008fe00000, 0x000000008ff00000|  0%| F|  |TAMS 0x000000008fe00000, 0x000000008fe00000| Untracked 
|  91|0x000000008ff00000, 0x000000008ff00000, 0x0000000090000000|  0%| F|  |TAMS 0x000000008ff00000, 0x000000008ff00000| Untracked 
|  92|0x0000000090000000, 0x0000000090000000, 0x0000000090100000|  0%| F|  |TAMS 0x0000000090000000, 0x0000000090000000| Untracked 
|  93|0x0000000090100000, 0x0000000090100000, 0x0000000090200000|  0%| F|  |TAMS 0x0000000090100000, 0x0000000090100000| Untracked 
|  94|0x0000000090200000, 0x0000000090200000, 0x0000000090300000|  0%| F|  |TAMS 0x0000000090200000, 0x0000000090200000| Untracked 
|  95|0x0000000090300000, 0x0000000090300000, 0x0000000090400000|  0%| F|  |TAMS 0x0000000090300000, 0x0000000090300000| Untracked 
|  96|0x0000000090400000, 0x0000000090400000, 0x0000000090500000|  0%| F|  |TAMS 0x0000000090400000, 0x0000000090400000| Untracked 
|  97|0x0000000090500000, 0x0000000090500000, 0x0000000090600000|  0%| F|  |TAMS 0x0000000090500000, 0x0000000090500000| Untracked 
|  98|0x0000000090600000, 0x0000000090600000, 0x0000000090700000|  0%| F|  |TAMS 0x0000000090600000, 0x0000000090600000| Untracked 
|  99|0x0000000090700000, 0x0000000090700000, 0x0000000090800000|  0%| F|  |TAMS 0x0000000090700000, 0x0000000090700000| Untracked 
| 100|0x0000000090800000, 0x0000000090800000, 0x0000000090900000|  0%| F|  |TAMS 0x0000000090800000, 0x0000000090800000| Untracked 
| 101|0x0000000090900000, 0x0000000090900000, 0x0000000090a00000|  0%| F|  |TAMS 0x0000000090900000, 0x0000000090900000| Untracked 
| 102|0x0000000090a00000, 0x0000000090a00000, 0x0000000090b00000|  0%| F|  |TAMS 0x0000000090a00000, 0x0000000090a00000| Untracked 
| 103|0x0000000090b00000, 0x0000000090b00000, 0x0000000090c00000|  0%| F|  |TAMS 0x0000000090b00000, 0x0000000090b00000| Untracked 
| 104|0x0000000090c00000, 0x0000000090c00000, 0x0000000090d00000|  0%| F|  |TAMS 0x0000000090c00000, 0x0000000090c00000| Untracked 
| 105|0x0000000090d00000, 0x0000000090d00000, 0x0000000090e00000|  0%| F|  |TAMS 0x0000000090d00000, 0x0000000090d00000| Untracked 
| 106|0x0000000090e00000, 0x0000000090e00000, 0x0000000090f00000|  0%| F|  |TAMS 0x0000000090e00000, 0x0000000090e00000| Untracked 
| 107|0x0000000090f00000, 0x0000000090f00000, 0x0000000091000000|  0%| F|  |TAMS 0x0000000090f00000, 0x0000000090f00000| Untracked 
| 108|0x0000000091000000, 0x0000000091000000, 0x0000000091100000|  0%| F|  |TAMS 0x0000000091000000, 0x0000000091000000| Untracked 
| 109|0x0000000091100000, 0x0000000091100000, 0x0000000091200000|  0%| F|  |TAMS 0x0000000091100000, 0x0000000091100000| Untracked 
| 110|0x0000000091200000, 0x0000000091200000, 0x0000000091300000|  0%| F|  |TAMS 0x0000000091200000, 0x0000000091200000| Untracked 
| 111|0x0000000091300000, 0x0000000091300000, 0x0000000091400000|  0%| F|  |TAMS 0x0000000091300000, 0x0000000091300000| Untracked 
| 112|0x0000000091400000, 0x0000000091400000, 0x0000000091500000|  0%| F|  |TAMS 0x0000000091400000, 0x0000000091400000| Untracked 
| 113|0x0000000091500000, 0x0000000091600000, 0x0000000091600000|100%| E|  |TAMS 0x0000000091500000, 0x0000000091500000| Complete 
| 114|0x0000000091600000, 0x0000000091700000, 0x0000000091700000|100%| E|CS|TAMS 0x0000000091600000, 0x0000000091600000| Complete 
| 115|0x0000000091700000, 0x0000000091800000, 0x0000000091800000|100%| E|CS|TAMS 0x0000000091700000, 0x0000000091700000| Complete 
| 116|0x0000000091800000, 0x0000000091900000, 0x0000000091900000|100%| E|CS|TAMS 0x0000000091800000, 0x0000000091800000| Complete 
| 117|0x0000000091900000, 0x0000000091a00000, 0x0000000091a00000|100%| E|CS|TAMS 0x0000000091900000, 0x0000000091900000| Complete 

Card table byte_map: [0x0000020972fe0000,0x0000020973390000] _byte_map_base: 0x0000020972b8e000

Marking Bits (Prev, Next): (CMBitMap*) 0x000002096f06f210, (CMBitMap*) 0x000002096f06f250
 Prev Bits: [0x0000020973740000, 0x00000209754b0000)
 Next Bits: [0x00000209754b0000, 0x0000020977220000)

Polling page: 0x000002096e7d0000

Metaspace:

Usage:
  Non-class:     10.22 MB used.
      Class:      1.08 MB used.
       Both:     11.30 MB used.

Virtual space:
  Non-class space:       64.00 MB reserved,      10.25 MB ( 16%) committed,  1 nodes.
      Class space:        1.00 GB reserved,       1.12 MB ( <1%) committed,  1 nodes.
             Both:        1.06 GB reserved,      11.38 MB (  1%) committed. 

Chunk freelists:
   Non-Class:  5.00 MB
       Class:  14.75 MB
        Both:  19.76 MB

MaxMetaspaceSize: unlimited
CompressedClassSpaceSize: 1.00 GB
Initial GC threshold: 21.00 MB
Current GC threshold: 21.00 MB
CDS: off
MetaspaceReclaimPolicy: balanced
 - commit_granule_bytes: 65536.
 - commit_granule_words: 8192.
 - virtual_space_node_default_size: 8388608.
 - enlarge_chunks_in_place: 1.
 - new_chunks_are_fully_committed: 0.
 - uncommit_free_chunks: 1.
 - use_allocation_guard: 0.
 - handle_deallocations: 1.


Internal statistics:

num_allocs_failed_limit: 0.
num_arena_births: 96.
num_arena_deaths: 0.
num_vsnodes_births: 2.
num_vsnodes_deaths: 0.
num_space_committed: 182.
num_space_uncommitted: 0.
num_chunks_returned_to_freelist: 0.
num_chunks_taken_from_freelist: 148.
num_chunk_merges: 0.
num_chunk_splits: 77.
num_chunks_enlarged: 33.
num_inconsistent_stats: 0.

CodeHeap 'non-profiled nmethods': size=120000Kb used=148Kb max_used=148Kb free=119852Kb
 bounds [0x0000020907ad0000, 0x0000020907d40000, 0x000002090f000000]
CodeHeap 'profiled nmethods': size=120000Kb used=826Kb max_used=826Kb free=119173Kb
 bounds [0x0000020900000000, 0x0000020900270000, 0x0000020907530000]
CodeHeap 'non-nmethods': size=5760Kb used=1221Kb max_used=1235Kb free=4539Kb
 bounds [0x0000020907530000, 0x00000209077a0000, 0x0000020907ad0000]
 total_blobs=1108 nmethods=574 adapters=447
 compilation: enabled
              stopped_count=0, restarted_count=0
 full_count=0

Compilation events (20 events):
Event: 0.289 Thread 0x000002097e040450  570       3       sun.awt.FontConfiguration::needToSearchForFile (128 bytes)
Event: 0.290 Thread 0x0000020979ec5640  571       4       java.lang.StringLatin1::canEncode (13 bytes)
Event: 0.290 Thread 0x0000020979ec5640 nmethod 571 0x0000020907af4610 code [0x0000020907af4780, 0x0000020907af47f8]
Event: 0.290 Thread 0x000002097e040450 nmethod 570 0x00000209000cb590 code [0x00000209000cb880, 0x00000209000ccb18]
Event: 0.290 Thread 0x000002097e040450  565       3       sun.awt.FontConfiguration::getComponentFileID (6 bytes)
Event: 0.290 Thread 0x000002097e040450 nmethod 565 0x00000209000cd090 code [0x00000209000cd220, 0x00000209000cd358]
Event: 0.290 Thread 0x000002097e040450  566       3       sun.awt.FontConfiguration::getComponentFontName (15 bytes)
Event: 0.290 Thread 0x000002097e040450 nmethod 566 0x00000209000cd410 code [0x00000209000cd5c0, 0x00000209000cd788]
Event: 0.290 Thread 0x000002097e040450  567       3       sun.awt.FontConfiguration::getComponentFileName (15 bytes)
Event: 0.290 Thread 0x000002097e040450 nmethod 567 0x00000209000cd890 code [0x00000209000cda40, 0x00000209000cdc08]
Event: 0.290 Thread 0x000002097e040450  568       3       sun.awt.FontConfiguration::mapFileName (2 bytes)
Event: 0.290 Thread 0x000002097e040450 nmethod 568 0x00000209000cdd10 code [0x00000209000cdea0, 0x00000209000cdfb8]
Event: 0.290 Thread 0x000002097e040450  574       3       java.util.HashSet::contains (9 bytes)
Event: 0.290 Thread 0x000002097e040450 nmethod 574 0x00000209000ce090 code [0x00000209000ce240, 0x00000209000ce408]
Event: 0.290 Thread 0x000002097e040450  569       3       sun.awt.windows.WFontConfiguration::getFaceNameFromComponentFontName (2 bytes)
Event: 0.290 Thread 0x000002097e040450 nmethod 569 0x00000209000ce510 code [0x00000209000ce6a0, 0x00000209000ce7b8]
Event: 0.290 Thread 0x000002097e040450  572  s    1       sun.font.SunFontManager::getDefaultFontFile (5 bytes)
Event: 0.290 Thread 0x000002097e040450 nmethod 572 0x0000020907af4910 code [0x0000020907af4aa0, 0x0000020907af4c18]
Event: 0.290 Thread 0x000002097e040450  573  s    1       sun.font.SunFontManager::getDefaultFontFaceName (5 bytes)
Event: 0.290 Thread 0x000002097e040450 nmethod 573 0x0000020907af4c90 code [0x0000020907af4e20, 0x0000020907af4f98]

GC Heap History (0 events):
No events

Dll operation events (8 events):
Event: 0.008 Loaded shared library C:\Users\Hoàng\.p2\pool\plugins\org.eclipse.justj.openjdk.hotspot.jre.full.win32.x86_64_17.0.9.v20231028-0858\jre\bin\java.dll
Event: 0.081 Loaded shared library C:\Users\Hoàng\.p2\pool\plugins\org.eclipse.justj.openjdk.hotspot.jre.full.win32.x86_64_17.0.9.v20231028-0858\jre\bin\jimage.dll
Event: 0.084 Loaded shared library C:\Users\Hoàng\.p2\pool\plugins\org.eclipse.justj.openjdk.hotspot.jre.full.win32.x86_64_17.0.9.v20231028-0858\jre\bin\net.dll
Event: 0.085 Loaded shared library C:\Users\Hoàng\.p2\pool\plugins\org.eclipse.justj.openjdk.hotspot.jre.full.win32.x86_64_17.0.9.v20231028-0858\jre\bin\nio.dll
Event: 0.114 Loaded shared library C:\Users\Hoàng\.p2\pool\plugins\org.eclipse.justj.openjdk.hotspot.jre.full.win32.x86_64_17.0.9.v20231028-0858\jre\bin\zip.dll
Event: 0.128 Loaded shared library C:\Users\Hoàng\.p2\pool\plugins\org.eclipse.justj.openjdk.hotspot.jre.full.win32.x86_64_17.0.9.v20231028-0858\jre\bin\awt.dll
Event: 0.279 Loaded shared library C:\Users\Hoàng\.p2\pool\plugins\org.eclipse.justj.openjdk.hotspot.jre.full.win32.x86_64_17.0.9.v20231028-0858\jre\bin\freetype.dll
Event: 0.280 Loaded shared library C:\Users\Hoàng\.p2\pool\plugins\org.eclipse.justj.openjdk.hotspot.jre.full.win32.x86_64_17.0.9.v20231028-0858\jre\bin\fontmanager.dll

Deoptimization events (4 events):
Event: 0.217 Thread 0x000002096f0158f0 Uncommon trap: trap_request=0xffffff45 fr.pc=0x0000020907aedb0c relative=0x000000000000018c
Event: 0.217 Thread 0x000002096f0158f0 Uncommon trap: reason=unstable_if action=reinterpret pc=0x0000020907aedb0c method=java.lang.String.equals(Ljava/lang/Object;)Z @ 33 c2
Event: 0.217 Thread 0x000002096f0158f0 DEOPT PACKING pc=0x0000020907aedb0c sp=0x000000f4759ff200
Event: 0.217 Thread 0x000002096f0158f0 DEOPT UNPACKING pc=0x00000209075869a3 sp=0x000000f4759ff1a0 mode 2

Classes unloaded (0 events):
No events

Classes redefined (0 events):
No events

Internal exceptions (13 events):
Event: 0.093 Thread 0x000002096f0158f0 Exception <a 'java/lang/NoSuchMethodError'{0x00000000918383d8}: 'java.lang.Object java.lang.invoke.DirectMethodHandle$Holder.invokeStaticInit(java.lang.Object)'> (0x00000000918383d8) 
thrown [s\src\hotspot\share\interpreter\linkResolver.cpp, line 759]
Event: 0.101 Thread 0x000002096f0158f0 Exception <a 'java/lang/NoSuchMethodError'{0x000000009184e7c8}: 'java.lang.Object java.lang.invoke.Invokers$Holder.invoke_MT(java.lang.Object, java.lang.Object, java.lang.Object)'> (0x000000009184e7c8) 
thrown [s\src\hotspot\share\interpreter\linkResolver.cpp, line 759]
Event: 0.120 Thread 0x000002096f0158f0 Exception <a 'java/lang/ClassNotFoundException'{0x00000000918c79b0}: sun/awt/resources/spi/awtProvider> (0x00000000918c79b0) 
thrown [s\src\hotspot\share\classfile\systemDictionary.cpp, line 256]
Event: 0.136 Thread 0x000002096f0158f0 Exception <a 'java/io/FileNotFoundException'{0x000000009171ce88}> (0x000000009171ce88) 
thrown [s\src\hotspot\share\prims\jni.cpp, line 516]
Event: 0.140 Thread 0x000002096f0158f0 Exception <a 'java/io/FileNotFoundException'{0x0000000091749dd0}> (0x0000000091749dd0) 
thrown [s\src\hotspot\share\prims\jni.cpp, line 516]
Event: 0.186 Thread 0x000002096f0158f0 Exception <a 'java/lang/NoSuchMethodError'{0x00000000917be1f8}: 'void java.lang.invoke.DirectMethodHandle$Holder.invokeSpecial(java.lang.Object, java.lang.Object, java.lang.Object)'> (0x00000000917be1f8) 
thrown [s\src\hotspot\share\interpreter\linkResolver.cpp, line 759]
Event: 0.191 Thread 0x000002096f0158f0 Exception <a 'java/lang/NoSuchMethodError'{0x00000000917e8210}: 'java.lang.Object java.lang.invoke.DirectMethodHandle$Holder.newInvokeSpecial(java.lang.Object, java.lang.Object, java.lang.Object, java.lang.Object, java.lang.Object)'> (0x00000000917e8210) 
thrown [s\src\hotspot\share\interpreter\linkResolver.cpp, line 759]
Event: 0.192 Thread 0x000002096f0158f0 Exception <a 'java/lang/NoSuchMethodError'{0x0000000091607fc8}: 'java.lang.Object java.lang.invoke.DirectMethodHandle$Holder.invokeStatic(java.lang.Object, int, java.lang.Object, java.lang.Object, java.lang.Object, java.lang.Object)'> (0x0000000091607fc8) 
thrown [s\src\hotspot\share\interpreter\linkResolver.cpp, line 759]
Event: 0.195 Thread 0x000002096f0158f0 Exception <a 'java/lang/NoSuchMethodError'{0x000000009162d788}: 'java.lang.Object java.lang.invoke.DirectMethodHandle$Holder.invokeStatic(java.lang.Object, int, java.lang.Object)'> (0x000000009162d788) 
thrown [s\src\hotspot\share\interpreter\linkResolver.cpp, line 759]
Event: 0.214 Thread 0x000002096f0158f0 Exception <a 'java/lang/ClassNotFoundException'{0x00000000916e7cf8}: com/sun/swing/internal/plaf/metal/resources/spi/metalProvider> (0x00000000916e7cf8) 
thrown [s\src\hotspot\share\classfile\systemDictionary.cpp, line 256]
Event: 0.214 Thread 0x000002096f0158f0 Exception <a 'java/lang/ClassNotFoundException'{0x00000000916eb958}: com/sun/swing/internal/plaf/basic/resources/spi/basicProvider> (0x00000000916eb958) 
thrown [s\src\hotspot\share\classfile\systemDictionary.cpp, line 256]
Event: 0.265 Thread 0x000002097e4be9f0 Exception <a 'java/lang/NoSuchMethodError'{0x00000000917fc1b0}: 'void java.lang.invoke.DirectMethodHandle$Holder.invokeVirtual(java.lang.Object, java.lang.Object)'> (0x00000000917fc1b0) 
thrown [s\src\hotspot\share\interpreter\linkResolver.cpp, line 759]
Event: 0.275 Thread 0x000002096f0158f0 Exception <a 'java/lang/NoSuchMethodError'{0x0000000091543c10}: 'void java.lang.invoke.DirectMethodHandle$Holder.invokeStaticInit(java.lang.Object)'> (0x0000000091543c10) 
thrown [s\src\hotspot\share\interpreter\linkResolver.cpp, line 759]

VM Operations (6 events):
Event: 0.115 Executing VM operation: HandshakeAllThreads
Event: 0.115 Executing VM operation: HandshakeAllThreads done
Event: 0.269 Executing VM operation: HandshakeAllThreads
Event: 0.269 Executing VM operation: HandshakeAllThreads done
Event: 0.290 Executing VM operation: HandshakeAllThreads
Event: 0.290 Executing VM operation: HandshakeAllThreads done

Events (20 events):
Event: 0.284 loading class sun/awt/windows/WFontConfiguration done
Event: 0.284 loading class sun/awt/FontDescriptor
Event: 0.284 loading class sun/awt/FontDescriptor done
Event: 0.285 loading class java/io/DataInputStream
Event: 0.285 loading class java/io/DataInputStream done
Event: 0.285 loading class java/lang/Short$ShortCache
Event: 0.285 loading class java/lang/Short$ShortCache done
Event: 0.286 loading class sun/font/SunFontManager$FontRegistrationInfo
Event: 0.286 loading class sun/font/SunFontManager$FontRegistrationInfo done
Event: 0.289 loading class sun/font/CompositeFontDescriptor
Event: 0.289 loading class sun/font/CompositeFontDescriptor done
Event: 0.289 loading class sun/font/FontFamily
Event: 0.290 loading class sun/font/FontFamily done
Event: 0.290 loading class sun/font/SunFontManager$3
Event: 0.290 loading class sun/font/SunFontManager$3 done
Event: 0.290 loading class java/lang/ProcessEnvironment
Event: 0.290 loading class java/lang/ProcessEnvironment done
Event: 0.290 loading class java/lang/ProcessEnvironment$NameComparator
Event: 0.290 loading class java/lang/ProcessEnvironment$NameComparator done
Event: 0.290 loading class java/lang/ProcessEnvironment$EntryComparator


Dynamic libraries:
0x00007ff64a780000 - 0x00007ff64a78e000 	C:\Users\Hoàng\.p2\pool\plugins\org.eclipse.justj.openjdk.hotspot.jre.full.win32.x86_64_17.0.9.v20231028-0858\jre\bin\javaw.exe
0x00007ff9e6d90000 - 0x00007ff9e6fa7000 	C:\Windows\SYSTEM32\ntdll.dll
0x00007ff9e4af0000 - 0x00007ff9e4bb4000 	C:\Windows\System32\KERNEL32.DLL
0x00007ff9e42b0000 - 0x00007ff9e4656000 	C:\Windows\System32\KERNELBASE.dll
0x00007ff9e47c0000 - 0x00007ff9e48d1000 	C:\Windows\System32\ucrtbase.dll
0x00007ff9a9120000 - 0x00007ff9a9137000 	C:\Users\Hoàng\.p2\pool\plugins\org.eclipse.justj.openjdk.hotspot.jre.full.win32.x86_64_17.0.9.v20231028-0858\jre\bin\jli.dll
0x00007ff9aa170000 - 0x00007ff9aa18b000 	C:\Users\Hoàng\.p2\pool\plugins\org.eclipse.justj.openjdk.hotspot.jre.full.win32.x86_64_17.0.9.v20231028-0858\jre\bin\VCRUNTIME140.dll
0x00007ff9e57e0000 - 0x00007ff9e598d000 	C:\Windows\System32\USER32.dll
0x00007ff9e4110000 - 0x00007ff9e4136000 	C:\Windows\System32\win32u.dll
0x00007ff9e57b0000 - 0x00007ff9e57d9000 	C:\Windows\System32\GDI32.dll
0x00007ff9e49d0000 - 0x00007ff9e4ae8000 	C:\Windows\System32\gdi32full.dll
0x00007ff9e4720000 - 0x00007ff9e47ba000 	C:\Windows\System32\msvcp_win.dll
0x00007ff9d11b0000 - 0x00007ff9d1443000 	C:\Windows\WinSxS\amd64_microsoft.windows.common-controls_6595b64144ccf1df_6.0.22621.2361_none_2712ced57382f843\COMCTL32.dll
0x00007ff9e68a0000 - 0x00007ff9e6947000 	C:\Windows\System32\msvcrt.dll
0x00007ff9e5350000 - 0x00007ff9e5381000 	C:\Windows\System32\IMM32.DLL
0x00007ff9b4d20000 - 0x00007ff9b4d2c000 	C:\Users\Hoàng\.p2\pool\plugins\org.eclipse.justj.openjdk.hotspot.jre.full.win32.x86_64_17.0.9.v20231028-0858\jre\bin\vcruntime140_1.dll
0x00007ff96f900000 - 0x00007ff96f98d000 	C:\Users\Hoàng\.p2\pool\plugins\org.eclipse.justj.openjdk.hotspot.jre.full.win32.x86_64_17.0.9.v20231028-0858\jre\bin\msvcp140.dll
0x00007ff996170000 - 0x00007ff996dd1000 	C:\Users\Hoàng\.p2\pool\plugins\org.eclipse.justj.openjdk.hotspot.jre.full.win32.x86_64_17.0.9.v20231028-0858\jre\bin\server\jvm.dll
0x00007ff9e67f0000 - 0x00007ff9e68a0000 	C:\Windows\System32\ADVAPI32.dll
0x00007ff9e5cb0000 - 0x00007ff9e5d56000 	C:\Windows\System32\sechost.dll
0x00007ff9e5170000 - 0x00007ff9e5287000 	C:\Windows\System32\RPCRT4.dll
0x00007ff9cc630000 - 0x00007ff9cc639000 	C:\Windows\SYSTEM32\WSOCK32.dll
0x00007ff9e6c70000 - 0x00007ff9e6ce1000 	C:\Windows\System32\WS2_32.dll
0x00007ff9dda10000 - 0x00007ff9dda44000 	C:\Windows\SYSTEM32\WINMM.dll
0x00007ff9e3fe0000 - 0x00007ff9e402d000 	C:\Windows\SYSTEM32\POWRPROF.dll
0x00007ff9dda50000 - 0x00007ff9dda5a000 	C:\Windows\SYSTEM32\VERSION.dll
0x00007ff9e3fc0000 - 0x00007ff9e3fd3000 	C:\Windows\SYSTEM32\UMPDC.dll
0x00007ff9e30f0000 - 0x00007ff9e3108000 	C:\Windows\SYSTEM32\kernel.appcore.dll
0x00007ff9b5160000 - 0x00007ff9b516a000 	C:\Users\Hoàng\.p2\pool\plugins\org.eclipse.justj.openjdk.hotspot.jre.full.win32.x86_64_17.0.9.v20231028-0858\jre\bin\jimage.dll
0x00007ff9db780000 - 0x00007ff9db9ae000 	C:\Windows\SYSTEM32\DBGHELP.DLL
0x00007ff9e5390000 - 0x00007ff9e571a000 	C:\Windows\System32\combase.dll
0x00007ff9e6710000 - 0x00007ff9e67e7000 	C:\Windows\System32\OLEAUT32.dll
0x00007ff9c6c30000 - 0x00007ff9c6c62000 	C:\Windows\SYSTEM32\dbgcore.DLL
0x00007ff9e48e0000 - 0x00007ff9e495a000 	C:\Windows\System32\bcryptPrimitives.dll
0x00007ff9b4ff0000 - 0x00007ff9b5015000 	C:\Users\Hoàng\.p2\pool\plugins\org.eclipse.justj.openjdk.hotspot.jre.full.win32.x86_64_17.0.9.v20231028-0858\jre\bin\java.dll
0x00007ff9b4fb0000 - 0x00007ff9b4fc8000 	C:\Users\Hoàng\.p2\pool\plugins\org.eclipse.justj.openjdk.hotspot.jre.full.win32.x86_64_17.0.9.v20231028-0858\jre\bin\zip.dll
0x00007ff9e5eb0000 - 0x00007ff9e6708000 	C:\Windows\System32\SHELL32.dll
0x00007ff9e2070000 - 0x00007ff9e2962000 	C:\Windows\SYSTEM32\windows.storage.dll
0x00007ff9e1f30000 - 0x00007ff9e206e000 	C:\Windows\SYSTEM32\wintypes.dll
0x00007ff9e5a10000 - 0x00007ff9e5b03000 	C:\Windows\System32\SHCORE.dll
0x00007ff9e5990000 - 0x00007ff9e59ee000 	C:\Windows\System32\shlwapi.dll
0x00007ff9e4040000 - 0x00007ff9e4066000 	C:\Windows\SYSTEM32\profapi.dll
0x00007ff9b4f10000 - 0x00007ff9b4f29000 	C:\Users\Hoàng\.p2\pool\plugins\org.eclipse.justj.openjdk.hotspot.jre.full.win32.x86_64_17.0.9.v20231028-0858\jre\bin\net.dll
0x00007ff9dd8d0000 - 0x00007ff9dda07000 	C:\Windows\SYSTEM32\WINHTTP.dll
0x00007ff9e3640000 - 0x00007ff9e36a9000 	C:\Windows\system32\mswsock.dll
0x00007ff9b4ef0000 - 0x00007ff9b4f06000 	C:\Users\Hoàng\.p2\pool\plugins\org.eclipse.justj.openjdk.hotspot.jre.full.win32.x86_64_17.0.9.v20231028-0858\jre\bin\nio.dll
0x00007ff96f550000 - 0x00007ff96f6e0000 	C:\Users\Hoàng\.p2\pool\plugins\org.eclipse.justj.openjdk.hotspot.jre.full.win32.x86_64_17.0.9.v20231028-0858\jre\bin\awt.dll
0x00007ff9e14c0000 - 0x00007ff9e1557000 	C:\Windows\SYSTEM32\apphelp.dll
0x00007ff9e1650000 - 0x00007ff9e16fb000 	C:\Windows\system32\uxtheme.dll
0x00007ff9e5d60000 - 0x00007ff9e5eac000 	C:\Windows\System32\MSCTF.dll
0x00007ff9e5b10000 - 0x00007ff9e5caf000 	C:\Windows\System32\ole32.dll
0x00007ff9e19d0000 - 0x00007ff9e19fb000 	C:\Windows\system32\DWMAPI.DLL
0x00007ff96f800000 - 0x00007ff96f900000 	C:\Windows\system32\opengl32.dll
0x00007ff9a8400000 - 0x00007ff9a842d000 	C:\Windows\SYSTEM32\GLU32.dll
0x00007ff9e1790000 - 0x00007ff9e17c6000 	C:\Windows\SYSTEM32\dxcore.dll
0x00007ff9d9320000 - 0x00007ff9d94c9000 	C:\Windows\system32\d3d9.dll
0x00007ff9d8990000 - 0x00007ff9d8b6b000 	C:\Windows\System32\DriverStore\FileRepository\u0371182.inf_amd64_e046f8d87ec91fad\B371034\aticfx64.dll
0x00007ff981850000 - 0x00007ff981883000 	C:\Windows\System32\DriverStore\FileRepository\u0371182.inf_amd64_e046f8d87ec91fad\B371034\atiu9p64.dll
0x00007ff96dd60000 - 0x00007ff96ea6c000 	C:\Windows\System32\DriverStore\FileRepository\u0371182.inf_amd64_e046f8d87ec91fad\B371034\atiumd64.dll
0x00007ff9db490000 - 0x00007ff9db4bf000 	C:\Windows\SYSTEM32\amdihk64.dll
0x00007ff9ddd20000 - 0x00007ff9ddd6a000 	C:\Windows\SYSTEM32\directxdatabasehelper.dll
0x00007ff96f4c0000 - 0x00007ff96f548000 	C:\Users\Hoàng\.p2\pool\plugins\org.eclipse.justj.openjdk.hotspot.jre.full.win32.x86_64_17.0.9.v20231028-0858\jre\bin\freetype.dll
0x00007ff96f3e0000 - 0x00007ff96f4b3000 	C:\Users\Hoàng\.p2\pool\plugins\org.eclipse.justj.openjdk.hotspot.jre.full.win32.x86_64_17.0.9.v20231028-0858\jre\bin\fontmanager.dll

dbghelp: loaded successfully - version: 4.0.5 - missing functions: none
symbol engine: initialized successfully - sym options: 0x614 - pdb path: .;C:\Users\Hoàng\.p2\pool\plugins\org.eclipse.justj.openjdk.hotspot.jre.full.win32.x86_64_17.0.9.v20231028-0858\jre\bin;C:\Windows\SYSTEM32;C:\Windows\WinSxS\amd64_microsoft.windows.common-controls_6595b64144ccf1df_6.0.22621.2361_none_2712ced57382f843;C:\Users\Hoàng\.p2\pool\plugins\org.eclipse.justj.openjdk.hotspot.jre.full.win32.x86_64_17.0.9.v20231028-0858\jre\bin\server;C:\Windows\System32\DriverStore\FileRepository\u0371182.inf_amd64_e046f8d87ec91fad\B371034

VM Arguments:
jvm_args: -Dfile.encoding=UTF-8 -Dstdout.encoding=UTF-8 -Dstderr.encoding=UTF-8 -XX:+ShowCodeDetailsInExceptionMessages 
java_command: Chung.main
java_class_path (initial): E:\study\dai_hoc\hk5\lap_trinh_java\do_an\pim\PIM_ver4\bin;E:\study\dai_hoc\hk5\lap_trinh_java\do_an\pim\jcalendar-1.4.jar;E:\study\dai_hoc\hk5\lap_trinh_java\do_an\pim\ojdbc11.jar;E:\study\dai_hoc\hk5\lap_trinh_java\do_an\pim\jcommon-1.0.23.jar;E:\study\dai_hoc\hk5\lap_trinh_java\do_an\pim\jfreechart-1.0.19.jar
Launcher Type: SUN_STANDARD

[Global flags]
     intx CICompilerCount                          = 4                                         {product} {ergonomic}
     uint ConcGCThreads                            = 3                                         {product} {ergonomic}
     uint G1ConcRefinementThreads                  = 10                                        {product} {ergonomic}
   size_t G1HeapRegionSize                         = 1048576                                   {product} {ergonomic}
    uintx GCDrainStackTargetSize                   = 64                                        {product} {ergonomic}
   size_t InitialHeapSize                          = 123731968                                 {product} {ergonomic}
   size_t MarkStackSize                            = 4194304                                   {product} {ergonomic}
   size_t MaxHeapSize                              = 1975517184                                {product} {ergonomic}
   size_t MaxNewSize                               = 1184890880                                {product} {ergonomic}
   size_t MinHeapDeltaBytes                        = 1048576                                   {product} {ergonomic}
   size_t MinHeapSize                              = 8388608                                   {product} {ergonomic}
    uintx NonNMethodCodeHeapSize                   = 5839372                                {pd product} {ergonomic}
    uintx NonProfiledCodeHeapSize                  = 122909434                              {pd product} {ergonomic}
    uintx ProfiledCodeHeapSize                     = 122909434                              {pd product} {ergonomic}
    uintx ReservedCodeCacheSize                    = 251658240                              {pd product} {ergonomic}
     bool SegmentedCodeCache                       = true                                      {product} {ergonomic}
     bool ShowCodeDetailsInExceptionMessages       = true                                   {manageable} {command line}
   size_t SoftMaxHeapSize                          = 1975517184                             {manageable} {ergonomic}
     bool UseCompressedClassPointers               = true                           {product lp64_product} {ergonomic}
     bool UseCompressedOops                        = true                           {product lp64_product} {ergonomic}
     bool UseG1GC                                  = true                                      {product} {ergonomic}
     bool UseLargePagesIndividualAllocation        = false                                  {pd product} {ergonomic}

Logging:
Log output configuration:
 #0: stdout all=warning uptime,level,tags
 #1: stderr all=off uptime,level,tags

Environment Variables:
PATH=C:/Users/Hoàng/.p2/pool/plugins/org.eclipse.justj.openjdk.hotspot.jre.full.win32.x86_64_17.0.9.v20231028-0858/jre/bin/server;C:/Users/Hoàng/.p2/pool/plugins/org.eclipse.justj.openjdk.hotspot.jre.full.win32.x86_64_17.0.9.v20231028-0858/jre/bin;C:\Oracle\WINDOWS.X64_193000_db_home\bin;C:\Windows\system32;C:\Windows;C:\Windows\System32\Wbem;C:\Windows\System32\WindowsPowerShell\v1.0\;C:\Windows\System32\OpenSSH\;C:\Program Files (x86)\NVIDIA Corporation\PhysX\Common;C:\Program Files\NVIDIA Corporation\NVIDIA NvDLISR;C:\Windows\system32;C:\Windows;C:\Windows\System32\Wbem;C:\Windows\System32\WindowsPowerShell\v1.0\;C:\Windows\System32\OpenSSH\;C:\xampp\php;C:\composer;C:\Program Files\Microsoft SQL Server\150\Tools\Binn\;C:\Program Files\Microsoft SQL Server\Client SDK\ODBC\170\Tools\Binn\;C:\Program Files\dotnet\;C:\Users\Hoàng\AppData\Local\Microsoft\WindowsApps;C:\Users\Hoàng\AppData\Roaming\Composer\vendor\bin;C:\Users\Hoàng\AppData\Local\Programs\Microsoft VS Code\bin;C:\Users\Hoàng\.dotnet\tools;C:\Users\Hoàng\OneDrive - Tru?ng ÐH CNTT - University of Information Technology\Máy tính\New folder;
USERNAME=Hoàng
OS=Windows_NT
PROCESSOR_IDENTIFIER=AMD64 Family 25 Model 80 Stepping 0, AuthenticAMD
TMP=C:\Users\HONG~1\AppData\Local\Temp
TEMP=C:\Users\HONG~1\AppData\Local\Temp



Periodic native trim disabled


---------------  S Y S T E M  ---------------

OS:
 Windows 11 , 64 bit Build 22621 (10.0.22621.2428)
OS uptime: 0 days 1:01 hours

CPU: total 12 (initial active 12) (12 cores per cpu, 2 threads per core) family 25 model 80 stepping 0 microcode 0x0, cx8, cmov, fxsr, ht, mmx, 3dnowpref, sse, sse2, sse3, ssse3, sse4a, sse4.1, sse4.2, popcnt, lzcnt, tsc, tscinvbit, avx, avx2, aes, erms, clmul, bmi1, bmi2, adx, sha, fma, vzeroupper, clflush, clflushopt
Processor Information for processor 0
  Max Mhz: 3301, Current Mhz: 2011, Mhz Limit: 3301
Processor Information for processor 1
  Max Mhz: 3301, Current Mhz: 2011, Mhz Limit: 3301
Processor Information for processor 2
  Max Mhz: 3301, Current Mhz: 2011, Mhz Limit: 3301
Processor Information for processor 3
  Max Mhz: 3301, Current Mhz: 2011, Mhz Limit: 3301
Processor Information for processor 4
  Max Mhz: 3301, Current Mhz: 2011, Mhz Limit: 3301
Processor Information for processor 5
  Max Mhz: 3301, Current Mhz: 2011, Mhz Limit: 3301
Processor Information for processor 6
  Max Mhz: 3301, Current Mhz: 2011, Mhz Limit: 3301
Processor Information for processor 7
  Max Mhz: 3301, Current Mhz: 2011, Mhz Limit: 3301
Processor Information for processor 8
  Max Mhz: 3301, Current Mhz: 3301, Mhz Limit: 3301
Processor Information for processor 9
  Max Mhz: 3301, Current Mhz: 2011, Mhz Limit: 3301
Processor Information for processor 10
  Max Mhz: 3301, Current Mhz: 2011, Mhz Limit: 3301
Processor Information for processor 11
  Max Mhz: 3301, Current Mhz: 2011, Mhz Limit: 3301

Memory: 4k page, system-wide physical 7532M (1169M free)
TotalPageFile size 31084M (AvailPageFile size 4M)
current process WorkingSet (physical memory assigned to process): 54M, peak: 54M
current process commit charge ("private bytes"): 209M, peak: 216M

vm_info: OpenJDK 64-Bit Server VM (17.0.9+9) for windows-amd64 JRE (17.0.9+9), built on Oct 26 2023 14:01:42 by "admin" with MS VC++ 16.10 / 16.11 (VS2019)

END.
