#
# There is insufficient memory for the Java Runtime Environment to continue.
# Native memory allocation (malloc) failed to allocate 470336 bytes for Chunk::new
# Possible reasons:
#   The system is out of physical RAM or swap space
#   The process is running with CompressedOops enabled, and the Java Heap may be blocking the growth of the native heap
# Possible solutions:
#   Reduce memory load on the system
#   Increase physical memory or swap space
#   Check if swap backing store is full
#   Decrease Java heap size (-Xmx/-Xms)
#   Decrease number of Java threads
#   Decrease Java thread stack sizes (-Xss)
#   Set larger code cache with -XX:ReservedCodeCacheSize=
#   JVM is running with Unscaled Compressed Oops mode in which the Java heap is
#     placed in the first 4GB address space. The Java Heap base address is the
#     maximum limit for the native heap growth. Please use -XX:HeapBaseMinAddress
#     to set the Java Heap base and to place the Java Heap above 4GB virtual address.
# This output file may be truncated or incomplete.
#
#  Out of Memory Error (arena.cpp:191), pid=28012, tid=28136
#
# JRE version: OpenJDK Runtime Environment Temurin-17.0.9+9 (17.0.9+9) (build 17.0.9+9)
# Java VM: OpenJDK 64-Bit Server VM Temurin-17.0.9+9 (17.0.9+9, mixed mode, tiered, compressed oops, compressed class ptrs, g1 gc, windows-amd64)
# No core dump will be written. Minidumps are not enabled by default on client versions of Windows
#

---------------  S U M M A R Y ------------

Command Line: -Dfile.encoding=UTF-8 -Dstdout.encoding=UTF-8 -Dstderr.encoding=UTF-8 -XX:+ShowCodeDetailsInExceptionMessages Chung.main

Host: AMD Ryzen 5 5600H with Radeon Graphics         , 12 cores, 7G,  Windows 11 , 64 bit Build 22621 (10.0.22621.2428)
Time: Wed Nov 15 14:00:40 2023 SE Asia Standard Time elapsed time: 0.410473 seconds (0d 0h 0m 0s)

---------------  T H R E A D  ---------------

Current thread (0x00000217cc05ee30):  JavaThread "C2 CompilerThread0" daemon [_thread_in_native, id=28136, stack(0x0000002095a00000,0x0000002095b00000)]


Current CompileTask:
C2:    410  917       4       sun.swing.SwingUtilities2::getFontCharsWidth (45 bytes)

Stack: [0x0000002095a00000,0x0000002095b00000]
Native frames: (J=compiled Java code, j=interpreted, Vv=VM code, C=native code)
V  [jvm.dll+0x67cf49]
V  [jvm.dll+0x83478a]
V  [jvm.dll+0x83624e]
V  [jvm.dll+0x8368b3]
V  [jvm.dll+0x247f1f]
V  [jvm.dll+0xac43c]
V  [jvm.dll+0xaca8c]
V  [jvm.dll+0x2af45f]
V  [jvm.dll+0x5853f7]
V  [jvm.dll+0x222f62]
V  [jvm.dll+0x21c002]
V  [jvm.dll+0x2198c1]
V  [jvm.dll+0x1a57cd]
V  [jvm.dll+0x2297ae]
V  [jvm.dll+0x22797c]
V  [jvm.dll+0x7e9877]
V  [jvm.dll+0x7e3c3a]
V  [jvm.dll+0x67be35]
C  [ucrtbase.dll+0x29363]
C  [KERNEL32.DLL+0x1257d]
C  [ntdll.dll+0x5aa78]


---------------  P R O C E S S  ---------------

Threads class SMR info:
_java_thread_list=0x00000217cc69a340, length=16, elements={
0x00000217b2173b40, 0x00000217cc01e030, 0x00000217cc01e900, 0x00000217cc055290,
0x00000217cc055b60, 0x00000217cc057370, 0x00000217cc05b8e0, 0x00000217cc05ee30,
0x00000217cc060080, 0x00000217cc074170, 0x00000217cc1c3ff0, 0x00000217cc1e6010,
0x00000217cc5f70e0, 0x00000217cc5f75c0, 0x00000217cc5f7aa0, 0x00000217cc7a4d50
}

Java Threads: ( => current thread )
  0x00000217b2173b40 JavaThread "main" [_thread_in_vm, id=28084, stack(0x0000002094d00000,0x0000002094e00000)]
  0x00000217cc01e030 JavaThread "Reference Handler" daemon [_thread_blocked, id=28112, stack(0x0000002095400000,0x0000002095500000)]
  0x00000217cc01e900 JavaThread "Finalizer" daemon [_thread_blocked, id=28116, stack(0x0000002095500000,0x0000002095600000)]
  0x00000217cc055290 JavaThread "Signal Dispatcher" daemon [_thread_blocked, id=28120, stack(0x0000002095600000,0x0000002095700000)]
  0x00000217cc055b60 JavaThread "Attach Listener" daemon [_thread_blocked, id=28124, stack(0x0000002095700000,0x0000002095800000)]
  0x00000217cc057370 JavaThread "Service Thread" daemon [_thread_blocked, id=28128, stack(0x0000002095800000,0x0000002095900000)]
  0x00000217cc05b8e0 JavaThread "Monitor Deflation Thread" daemon [_thread_blocked, id=28132, stack(0x0000002095900000,0x0000002095a00000)]
=>0x00000217cc05ee30 JavaThread "C2 CompilerThread0" daemon [_thread_in_native, id=28136, stack(0x0000002095a00000,0x0000002095b00000)]
  0x00000217cc060080 JavaThread "C1 CompilerThread0" daemon [_thread_blocked, id=28140, stack(0x0000002095b00000,0x0000002095c00000)]
  0x00000217cc074170 JavaThread "Sweeper thread" daemon [_thread_blocked, id=28144, stack(0x0000002095c00000,0x0000002095d00000)]
  0x00000217cc1c3ff0 JavaThread "Notification Thread" daemon [_thread_blocked, id=28148, stack(0x0000002095d00000,0x0000002095e00000)]
  0x00000217cc1e6010 JavaThread "Common-Cleaner" daemon [_thread_blocked, id=28156, stack(0x0000002095f00000,0x0000002096000000)]
  0x00000217cc5f70e0 JavaThread "Java2D Disposer" daemon [_thread_blocked, id=28172, stack(0x0000002096000000,0x0000002096100000)]
  0x00000217cc5f75c0 JavaThread "AWT-Shutdown" [_thread_blocked, id=28176, stack(0x0000002096100000,0x0000002096200000)]
  0x00000217cc5f7aa0 JavaThread "AWT-Windows" daemon [_thread_in_Java, id=28180, stack(0x0000002096200000,0x0000002096300000)]
  0x00000217cc7a4d50 JavaThread "AWT-EventQueue-0" [_thread_in_vm, id=28196, stack(0x0000002096300000,0x0000002096400000)]

Other Threads:
  0x00000217cbff85d0 VMThread "VM Thread" [stack: 0x0000002095300000,0x0000002095400000] [id=28108]
  0x00000217cc1cc4f0 WatcherThread [stack: 0x0000002095e00000,0x0000002095f00000] [id=28152]
  0x00000217b21cbec0 GCTaskThread "GC Thread#0" [stack: 0x0000002094e00000,0x0000002094f00000] [id=28088]
  0x00000217b21dd140 ConcurrentGCThread "G1 Main Marker" [stack: 0x0000002094f00000,0x0000002095000000] [id=28092]
  0x00000217b21ddb60 ConcurrentGCThread "G1 Conc#0" [stack: 0x0000002095000000,0x0000002095100000] [id=28096]
  0x00000217cbe534d0 ConcurrentGCThread "G1 Refine#0" [stack: 0x0000002095100000,0x0000002095200000] [id=28100]
  0x00000217b2229f30 ConcurrentGCThread "G1 Service" [stack: 0x0000002095200000,0x0000002095300000] [id=28104]

Threads with active compile tasks:
C2 CompilerThread0      436  917       4       sun.swing.SwingUtilities2::getFontCharsWidth (45 bytes)

VM state: not at safepoint (normal execution)

VM Mutex/Monitor currently owned by a thread: None

Heap address: 0x000000008a400000, size: 1884 MB, Compressed Oops mode: 32-bit

CDS archive(s) not mapped
Compressed class space mapped at: 0x0000000100000000-0x0000000140000000, reserved size: 1073741824
Narrow klass base: 0x0000000000000000, Narrow klass shift: 3, Narrow klass range: 0x140000000

GC Precious Log:
 CPUs: 12 total, 12 available
 Memory: 7532M
 Large Page Support: Disabled
 NUMA Support: Disabled
 Compressed Oops: Enabled (32-bit)
 Heap Region Size: 1M
 Heap Min Capacity: 8M
 Heap Initial Capacity: 118M
 Heap Max Capacity: 1884M
 Pre-touch: Disabled
 Parallel Workers: 10
 Concurrent Workers: 3
 Concurrent Refinement Workers: 10
 Periodic GC: Disabled

Heap:
 garbage-first heap   total 120832K, used 7168K [0x000000008a400000, 0x0000000100000000)
  region size 1024K, 8 young (8192K), 0 survivors (0K)
 Metaspace       used 14108K, committed 14336K, reserved 1114112K
  class space    used 1398K, committed 1536K, reserved 1048576K

Heap Regions: E=young(eden), S=young(survivor), O=old, HS=humongous(starts), HC=humongous(continues), CS=collection set, F=free, OA=open archive, CA=closed archive, TAMS=top-at-mark-start (previous, next)
|   0|0x000000008a400000, 0x000000008a400000, 0x000000008a500000|  0%| F|  |TAMS 0x000000008a400000, 0x000000008a400000| Untracked 
|   1|0x000000008a500000, 0x000000008a500000, 0x000000008a600000|  0%| F|  |TAMS 0x000000008a500000, 0x000000008a500000| Untracked 
|   2|0x000000008a600000, 0x000000008a600000, 0x000000008a700000|  0%| F|  |TAMS 0x000000008a600000, 0x000000008a600000| Untracked 
|   3|0x000000008a700000, 0x000000008a700000, 0x000000008a800000|  0%| F|  |TAMS 0x000000008a700000, 0x000000008a700000| Untracked 
|   4|0x000000008a800000, 0x000000008a800000, 0x000000008a900000|  0%| F|  |TAMS 0x000000008a800000, 0x000000008a800000| Untracked 
|   5|0x000000008a900000, 0x000000008a900000, 0x000000008aa00000|  0%| F|  |TAMS 0x000000008a900000, 0x000000008a900000| Untracked 
|   6|0x000000008aa00000, 0x000000008aa00000, 0x000000008ab00000|  0%| F|  |TAMS 0x000000008aa00000, 0x000000008aa00000| Untracked 
|   7|0x000000008ab00000, 0x000000008ab00000, 0x000000008ac00000|  0%| F|  |TAMS 0x000000008ab00000, 0x000000008ab00000| Untracked 
|   8|0x000000008ac00000, 0x000000008ac00000, 0x000000008ad00000|  0%| F|  |TAMS 0x000000008ac00000, 0x000000008ac00000| Untracked 
|   9|0x000000008ad00000, 0x000000008ad00000, 0x000000008ae00000|  0%| F|  |TAMS 0x000000008ad00000, 0x000000008ad00000| Untracked 
|  10|0x000000008ae00000, 0x000000008ae00000, 0x000000008af00000|  0%| F|  |TAMS 0x000000008ae00000, 0x000000008ae00000| Untracked 
|  11|0x000000008af00000, 0x000000008af00000, 0x000000008b000000|  0%| F|  |TAMS 0x000000008af00000, 0x000000008af00000| Untracked 
|  12|0x000000008b000000, 0x000000008b000000, 0x000000008b100000|  0%| F|  |TAMS 0x000000008b000000, 0x000000008b000000| Untracked 
|  13|0x000000008b100000, 0x000000008b100000, 0x000000008b200000|  0%| F|  |TAMS 0x000000008b100000, 0x000000008b100000| Untracked 
|  14|0x000000008b200000, 0x000000008b200000, 0x000000008b300000|  0%| F|  |TAMS 0x000000008b200000, 0x000000008b200000| Untracked 
|  15|0x000000008b300000, 0x000000008b300000, 0x000000008b400000|  0%| F|  |TAMS 0x000000008b300000, 0x000000008b300000| Untracked 
|  16|0x000000008b400000, 0x000000008b400000, 0x000000008b500000|  0%| F|  |TAMS 0x000000008b400000, 0x000000008b400000| Untracked 
|  17|0x000000008b500000, 0x000000008b500000, 0x000000008b600000|  0%| F|  |TAMS 0x000000008b500000, 0x000000008b500000| Untracked 
|  18|0x000000008b600000, 0x000000008b600000, 0x000000008b700000|  0%| F|  |TAMS 0x000000008b600000, 0x000000008b600000| Untracked 
|  19|0x000000008b700000, 0x000000008b700000, 0x000000008b800000|  0%| F|  |TAMS 0x000000008b700000, 0x000000008b700000| Untracked 
|  20|0x000000008b800000, 0x000000008b800000, 0x000000008b900000|  0%| F|  |TAMS 0x000000008b800000, 0x000000008b800000| Untracked 
|  21|0x000000008b900000, 0x000000008b900000, 0x000000008ba00000|  0%| F|  |TAMS 0x000000008b900000, 0x000000008b900000| Untracked 
|  22|0x000000008ba00000, 0x000000008ba00000, 0x000000008bb00000|  0%| F|  |TAMS 0x000000008ba00000, 0x000000008ba00000| Untracked 
|  23|0x000000008bb00000, 0x000000008bb00000, 0x000000008bc00000|  0%| F|  |TAMS 0x000000008bb00000, 0x000000008bb00000| Untracked 
|  24|0x000000008bc00000, 0x000000008bc00000, 0x000000008bd00000|  0%| F|  |TAMS 0x000000008bc00000, 0x000000008bc00000| Untracked 
|  25|0x000000008bd00000, 0x000000008bd00000, 0x000000008be00000|  0%| F|  |TAMS 0x000000008bd00000, 0x000000008bd00000| Untracked 
|  26|0x000000008be00000, 0x000000008be00000, 0x000000008bf00000|  0%| F|  |TAMS 0x000000008be00000, 0x000000008be00000| Untracked 
|  27|0x000000008bf00000, 0x000000008bf00000, 0x000000008c000000|  0%| F|  |TAMS 0x000000008bf00000, 0x000000008bf00000| Untracked 
|  28|0x000000008c000000, 0x000000008c000000, 0x000000008c100000|  0%| F|  |TAMS 0x000000008c000000, 0x000000008c000000| Untracked 
|  29|0x000000008c100000, 0x000000008c100000, 0x000000008c200000|  0%| F|  |TAMS 0x000000008c100000, 0x000000008c100000| Untracked 
|  30|0x000000008c200000, 0x000000008c200000, 0x000000008c300000|  0%| F|  |TAMS 0x000000008c200000, 0x000000008c200000| Untracked 
|  31|0x000000008c300000, 0x000000008c300000, 0x000000008c400000|  0%| F|  |TAMS 0x000000008c300000, 0x000000008c300000| Untracked 
|  32|0x000000008c400000, 0x000000008c400000, 0x000000008c500000|  0%| F|  |TAMS 0x000000008c400000, 0x000000008c400000| Untracked 
|  33|0x000000008c500000, 0x000000008c500000, 0x000000008c600000|  0%| F|  |TAMS 0x000000008c500000, 0x000000008c500000| Untracked 
|  34|0x000000008c600000, 0x000000008c600000, 0x000000008c700000|  0%| F|  |TAMS 0x000000008c600000, 0x000000008c600000| Untracked 
|  35|0x000000008c700000, 0x000000008c700000, 0x000000008c800000|  0%| F|  |TAMS 0x000000008c700000, 0x000000008c700000| Untracked 
|  36|0x000000008c800000, 0x000000008c800000, 0x000000008c900000|  0%| F|  |TAMS 0x000000008c800000, 0x000000008c800000| Untracked 
|  37|0x000000008c900000, 0x000000008c900000, 0x000000008ca00000|  0%| F|  |TAMS 0x000000008c900000, 0x000000008c900000| Untracked 
|  38|0x000000008ca00000, 0x000000008ca00000, 0x000000008cb00000|  0%| F|  |TAMS 0x000000008ca00000, 0x000000008ca00000| Untracked 
|  39|0x000000008cb00000, 0x000000008cb00000, 0x000000008cc00000|  0%| F|  |TAMS 0x000000008cb00000, 0x000000008cb00000| Untracked 
|  40|0x000000008cc00000, 0x000000008cc00000, 0x000000008cd00000|  0%| F|  |TAMS 0x000000008cc00000, 0x000000008cc00000| Untracked 
|  41|0x000000008cd00000, 0x000000008cd00000, 0x000000008ce00000|  0%| F|  |TAMS 0x000000008cd00000, 0x000000008cd00000| Untracked 
|  42|0x000000008ce00000, 0x000000008ce00000, 0x000000008cf00000|  0%| F|  |TAMS 0x000000008ce00000, 0x000000008ce00000| Untracked 
|  43|0x000000008cf00000, 0x000000008cf00000, 0x000000008d000000|  0%| F|  |TAMS 0x000000008cf00000, 0x000000008cf00000| Untracked 
|  44|0x000000008d000000, 0x000000008d000000, 0x000000008d100000|  0%| F|  |TAMS 0x000000008d000000, 0x000000008d000000| Untracked 
|  45|0x000000008d100000, 0x000000008d100000, 0x000000008d200000|  0%| F|  |TAMS 0x000000008d100000, 0x000000008d100000| Untracked 
|  46|0x000000008d200000, 0x000000008d200000, 0x000000008d300000|  0%| F|  |TAMS 0x000000008d200000, 0x000000008d200000| Untracked 
|  47|0x000000008d300000, 0x000000008d300000, 0x000000008d400000|  0%| F|  |TAMS 0x000000008d300000, 0x000000008d300000| Untracked 
|  48|0x000000008d400000, 0x000000008d400000, 0x000000008d500000|  0%| F|  |TAMS 0x000000008d400000, 0x000000008d400000| Untracked 
|  49|0x000000008d500000, 0x000000008d500000, 0x000000008d600000|  0%| F|  |TAMS 0x000000008d500000, 0x000000008d500000| Untracked 
|  50|0x000000008d600000, 0x000000008d600000, 0x000000008d700000|  0%| F|  |TAMS 0x000000008d600000, 0x000000008d600000| Untracked 
|  51|0x000000008d700000, 0x000000008d700000, 0x000000008d800000|  0%| F|  |TAMS 0x000000008d700000, 0x000000008d700000| Untracked 
|  52|0x000000008d800000, 0x000000008d800000, 0x000000008d900000|  0%| F|  |TAMS 0x000000008d800000, 0x000000008d800000| Untracked 
|  53|0x000000008d900000, 0x000000008d900000, 0x000000008da00000|  0%| F|  |TAMS 0x000000008d900000, 0x000000008d900000| Untracked 
|  54|0x000000008da00000, 0x000000008da00000, 0x000000008db00000|  0%| F|  |TAMS 0x000000008da00000, 0x000000008da00000| Untracked 
|  55|0x000000008db00000, 0x000000008db00000, 0x000000008dc00000|  0%| F|  |TAMS 0x000000008db00000, 0x000000008db00000| Untracked 
|  56|0x000000008dc00000, 0x000000008dc00000, 0x000000008dd00000|  0%| F|  |TAMS 0x000000008dc00000, 0x000000008dc00000| Untracked 
|  57|0x000000008dd00000, 0x000000008dd00000, 0x000000008de00000|  0%| F|  |TAMS 0x000000008dd00000, 0x000000008dd00000| Untracked 
|  58|0x000000008de00000, 0x000000008de00000, 0x000000008df00000|  0%| F|  |TAMS 0x000000008de00000, 0x000000008de00000| Untracked 
|  59|0x000000008df00000, 0x000000008df00000, 0x000000008e000000|  0%| F|  |TAMS 0x000000008df00000, 0x000000008df00000| Untracked 
|  60|0x000000008e000000, 0x000000008e000000, 0x000000008e100000|  0%| F|  |TAMS 0x000000008e000000, 0x000000008e000000| Untracked 
|  61|0x000000008e100000, 0x000000008e100000, 0x000000008e200000|  0%| F|  |TAMS 0x000000008e100000, 0x000000008e100000| Untracked 
|  62|0x000000008e200000, 0x000000008e200000, 0x000000008e300000|  0%| F|  |TAMS 0x000000008e200000, 0x000000008e200000| Untracked 
|  63|0x000000008e300000, 0x000000008e300000, 0x000000008e400000|  0%| F|  |TAMS 0x000000008e300000, 0x000000008e300000| Untracked 
|  64|0x000000008e400000, 0x000000008e400000, 0x000000008e500000|  0%| F|  |TAMS 0x000000008e400000, 0x000000008e400000| Untracked 
|  65|0x000000008e500000, 0x000000008e500000, 0x000000008e600000|  0%| F|  |TAMS 0x000000008e500000, 0x000000008e500000| Untracked 
|  66|0x000000008e600000, 0x000000008e600000, 0x000000008e700000|  0%| F|  |TAMS 0x000000008e600000, 0x000000008e600000| Untracked 
|  67|0x000000008e700000, 0x000000008e700000, 0x000000008e800000|  0%| F|  |TAMS 0x000000008e700000, 0x000000008e700000| Untracked 
|  68|0x000000008e800000, 0x000000008e800000, 0x000000008e900000|  0%| F|  |TAMS 0x000000008e800000, 0x000000008e800000| Untracked 
|  69|0x000000008e900000, 0x000000008e900000, 0x000000008ea00000|  0%| F|  |TAMS 0x000000008e900000, 0x000000008e900000| Untracked 
|  70|0x000000008ea00000, 0x000000008ea00000, 0x000000008eb00000|  0%| F|  |TAMS 0x000000008ea00000, 0x000000008ea00000| Untracked 
|  71|0x000000008eb00000, 0x000000008eb00000, 0x000000008ec00000|  0%| F|  |TAMS 0x000000008eb00000, 0x000000008eb00000| Untracked 
|  72|0x000000008ec00000, 0x000000008ec00000, 0x000000008ed00000|  0%| F|  |TAMS 0x000000008ec00000, 0x000000008ec00000| Untracked 
|  73|0x000000008ed00000, 0x000000008ed00000, 0x000000008ee00000|  0%| F|  |TAMS 0x000000008ed00000, 0x000000008ed00000| Untracked 
|  74|0x000000008ee00000, 0x000000008ee00000, 0x000000008ef00000|  0%| F|  |TAMS 0x000000008ee00000, 0x000000008ee00000| Untracked 
|  75|0x000000008ef00000, 0x000000008ef00000, 0x000000008f000000|  0%| F|  |TAMS 0x000000008ef00000, 0x000000008ef00000| Untracked 
|  76|0x000000008f000000, 0x000000008f000000, 0x000000008f100000|  0%| F|  |TAMS 0x000000008f000000, 0x000000008f000000| Untracked 
|  77|0x000000008f100000, 0x000000008f100000, 0x000000008f200000|  0%| F|  |TAMS 0x000000008f100000, 0x000000008f100000| Untracked 
|  78|0x000000008f200000, 0x000000008f200000, 0x000000008f300000|  0%| F|  |TAMS 0x000000008f200000, 0x000000008f200000| Untracked 
|  79|0x000000008f300000, 0x000000008f300000, 0x000000008f400000|  0%| F|  |TAMS 0x000000008f300000, 0x000000008f300000| Untracked 
|  80|0x000000008f400000, 0x000000008f400000, 0x000000008f500000|  0%| F|  |TAMS 0x000000008f400000, 0x000000008f400000| Untracked 
|  81|0x000000008f500000, 0x000000008f500000, 0x000000008f600000|  0%| F|  |TAMS 0x000000008f500000, 0x000000008f500000| Untracked 
|  82|0x000000008f600000, 0x000000008f600000, 0x000000008f700000|  0%| F|  |TAMS 0x000000008f600000, 0x000000008f600000| Untracked 
|  83|0x000000008f700000, 0x000000008f700000, 0x000000008f800000|  0%| F|  |TAMS 0x000000008f700000, 0x000000008f700000| Untracked 
|  84|0x000000008f800000, 0x000000008f800000, 0x000000008f900000|  0%| F|  |TAMS 0x000000008f800000, 0x000000008f800000| Untracked 
|  85|0x000000008f900000, 0x000000008f900000, 0x000000008fa00000|  0%| F|  |TAMS 0x000000008f900000, 0x000000008f900000| Untracked 
|  86|0x000000008fa00000, 0x000000008fa00000, 0x000000008fb00000|  0%| F|  |TAMS 0x000000008fa00000, 0x000000008fa00000| Untracked 
|  87|0x000000008fb00000, 0x000000008fb00000, 0x000000008fc00000|  0%| F|  |TAMS 0x000000008fb00000, 0x000000008fb00000| Untracked 
|  88|0x000000008fc00000, 0x000000008fc00000, 0x000000008fd00000|  0%| F|  |TAMS 0x000000008fc00000, 0x000000008fc00000| Untracked 
|  89|0x000000008fd00000, 0x000000008fd00000, 0x000000008fe00000|  0%| F|  |TAMS 0x000000008fd00000, 0x000000008fd00000| Untracked 
|  90|0x000000008fe00000, 0x000000008fe00000, 0x000000008ff00000|  0%| F|  |TAMS 0x000000008fe00000, 0x000000008fe00000| Untracked 
|  91|0x000000008ff00000, 0x000000008ff00000, 0x0000000090000000|  0%| F|  |TAMS 0x000000008ff00000, 0x000000008ff00000| Untracked 
|  92|0x0000000090000000, 0x0000000090000000, 0x0000000090100000|  0%| F|  |TAMS 0x0000000090000000, 0x0000000090000000| Untracked 
|  93|0x0000000090100000, 0x0000000090100000, 0x0000000090200000|  0%| F|  |TAMS 0x0000000090100000, 0x0000000090100000| Untracked 
|  94|0x0000000090200000, 0x0000000090200000, 0x0000000090300000|  0%| F|  |TAMS 0x0000000090200000, 0x0000000090200000| Untracked 
|  95|0x0000000090300000, 0x0000000090300000, 0x0000000090400000|  0%| F|  |TAMS 0x0000000090300000, 0x0000000090300000| Untracked 
|  96|0x0000000090400000, 0x0000000090400000, 0x0000000090500000|  0%| F|  |TAMS 0x0000000090400000, 0x0000000090400000| Untracked 
|  97|0x0000000090500000, 0x0000000090500000, 0x0000000090600000|  0%| F|  |TAMS 0x0000000090500000, 0x0000000090500000| Untracked 
|  98|0x0000000090600000, 0x0000000090600000, 0x0000000090700000|  0%| F|  |TAMS 0x0000000090600000, 0x0000000090600000| Untracked 
|  99|0x0000000090700000, 0x0000000090700000, 0x0000000090800000|  0%| F|  |TAMS 0x0000000090700000, 0x0000000090700000| Untracked 
| 100|0x0000000090800000, 0x0000000090800000, 0x0000000090900000|  0%| F|  |TAMS 0x0000000090800000, 0x0000000090800000| Untracked 
| 101|0x0000000090900000, 0x0000000090900000, 0x0000000090a00000|  0%| F|  |TAMS 0x0000000090900000, 0x0000000090900000| Untracked 
| 102|0x0000000090a00000, 0x0000000090a00000, 0x0000000090b00000|  0%| F|  |TAMS 0x0000000090a00000, 0x0000000090a00000| Untracked 
| 103|0x0000000090b00000, 0x0000000090b00000, 0x0000000090c00000|  0%| F|  |TAMS 0x0000000090b00000, 0x0000000090b00000| Untracked 
| 104|0x0000000090c00000, 0x0000000090c00000, 0x0000000090d00000|  0%| F|  |TAMS 0x0000000090c00000, 0x0000000090c00000| Untracked 
| 105|0x0000000090d00000, 0x0000000090d00000, 0x0000000090e00000|  0%| F|  |TAMS 0x0000000090d00000, 0x0000000090d00000| Untracked 
| 106|0x0000000090e00000, 0x0000000090e00000, 0x0000000090f00000|  0%| F|  |TAMS 0x0000000090e00000, 0x0000000090e00000| Untracked 
| 107|0x0000000090f00000, 0x0000000090f00000, 0x0000000091000000|  0%| F|  |TAMS 0x0000000090f00000, 0x0000000090f00000| Untracked 
| 108|0x0000000091000000, 0x0000000091000000, 0x0000000091100000|  0%| F|  |TAMS 0x0000000091000000, 0x0000000091000000| Untracked 
| 109|0x0000000091100000, 0x0000000091100000, 0x0000000091200000|  0%| F|  |TAMS 0x0000000091100000, 0x0000000091100000| Untracked 
| 110|0x0000000091200000, 0x0000000091300000, 0x0000000091300000|100%| E|  |TAMS 0x0000000091200000, 0x0000000091200000| Complete 
| 111|0x0000000091300000, 0x0000000091400000, 0x0000000091400000|100%| E|CS|TAMS 0x0000000091300000, 0x0000000091300000| Complete 
| 112|0x0000000091400000, 0x0000000091500000, 0x0000000091500000|100%| E|CS|TAMS 0x0000000091400000, 0x0000000091400000| Complete 
| 113|0x0000000091500000, 0x0000000091600000, 0x0000000091600000|100%| E|CS|TAMS 0x0000000091500000, 0x0000000091500000| Complete 
| 114|0x0000000091600000, 0x0000000091700000, 0x0000000091700000|100%| E|CS|TAMS 0x0000000091600000, 0x0000000091600000| Complete 
| 115|0x0000000091700000, 0x0000000091800000, 0x0000000091800000|100%| E|CS|TAMS 0x0000000091700000, 0x0000000091700000| Complete 
| 116|0x0000000091800000, 0x0000000091900000, 0x0000000091900000|100%| E|CS|TAMS 0x0000000091800000, 0x0000000091800000| Complete 
| 117|0x0000000091900000, 0x0000000091a00000, 0x0000000091a00000|100%| E|CS|TAMS 0x0000000091900000, 0x0000000091900000| Complete 

Card table byte_map: [0x00000217c5140000,0x00000217c54f0000] _byte_map_base: 0x00000217c4cee000

Marking Bits (Prev, Next): (CMBitMap*) 0x00000217b21cd4f0, (CMBitMap*) 0x00000217b21cd530
 Prev Bits: [0x00000217c58a0000, 0x00000217c7610000)
 Next Bits: [0x00000217c7610000, 0x00000217c9380000)

Polling page: 0x00000217b1930000

Metaspace:

Usage:
  Non-class:     12.41 MB used.
      Class:      1.37 MB used.
       Both:     13.78 MB used.

Virtual space:
  Non-class space:       64.00 MB reserved,      12.50 MB ( 20%) committed,  1 nodes.
      Class space:        1.00 GB reserved,       1.50 MB ( <1%) committed,  1 nodes.
             Both:        1.06 GB reserved,      14.00 MB (  1%) committed. 

Chunk freelists:
   Non-Class:  2.97 MB
       Class:  14.55 MB
        Both:  17.52 MB

MaxMetaspaceSize: unlimited
CompressedClassSpaceSize: 1.00 GB
Initial GC threshold: 21.00 MB
Current GC threshold: 21.00 MB
CDS: off
MetaspaceReclaimPolicy: balanced
 - commit_granule_bytes: 65536.
 - commit_granule_words: 8192.
 - virtual_space_node_default_size: 8388608.
 - enlarge_chunks_in_place: 1.
 - new_chunks_are_fully_committed: 0.
 - uncommit_free_chunks: 1.
 - use_allocation_guard: 0.
 - handle_deallocations: 1.


Internal statistics:

num_allocs_failed_limit: 0.
num_arena_births: 110.
num_arena_deaths: 0.
num_vsnodes_births: 2.
num_vsnodes_deaths: 0.
num_space_committed: 224.
num_space_uncommitted: 0.
num_chunks_returned_to_freelist: 0.
num_chunks_taken_from_freelist: 169.
num_chunk_merges: 0.
num_chunk_splits: 89.
num_chunks_enlarged: 41.
num_inconsistent_stats: 0.

CodeHeap 'non-profiled nmethods': size=120000Kb used=259Kb max_used=259Kb free=119741Kb
 bounds [0x00000217bd310000, 0x00000217bd580000, 0x00000217c4840000]
CodeHeap 'profiled nmethods': size=120000Kb used=1502Kb max_used=1502Kb free=118497Kb
 bounds [0x00000217b5840000, 0x00000217b5ab0000, 0x00000217bcd70000]
CodeHeap 'non-nmethods': size=5760Kb used=1257Kb max_used=1257Kb free=4502Kb
 bounds [0x00000217bcd70000, 0x00000217bcfe0000, 0x00000217bd310000]
 total_blobs=1586 nmethods=1005 adapters=494
 compilation: enabled
              stopped_count=0, restarted_count=0
 full_count=0

Compilation events (20 events):
Event: 0.395 Thread 0x00000217cc060080 nmethod 924 0x00000217b5993b90 code [0x00000217b5993e00, 0x00000217b5994748]
Event: 0.399 Thread 0x00000217cc060080  925       1       sun.font.Font2D::getStyle (5 bytes)
Event: 0.399 Thread 0x00000217cc060080 nmethod 925 0x00000217bd34cd10 code [0x00000217bd34cea0, 0x00000217bd34cf78]
Event: 0.400 Thread 0x00000217cc060080  926       3       java.awt.geom.AffineTransform::hashCode (87 bytes)
Event: 0.401 Thread 0x00000217cc060080 nmethod 926 0x00000217b5994b90 code [0x00000217b5994dc0, 0x00000217b5995918]
Event: 0.401 Thread 0x00000217cc060080  929       3       sun.text.RuleBasedBreakIterator::previous (103 bytes)
Event: 0.401 Thread 0x00000217cc060080 nmethod 929 0x00000217b5995b10 code [0x00000217b5995dc0, 0x00000217b5996b78]
Event: 0.401 Thread 0x00000217cc060080  930       3       sun.text.RuleBasedBreakIterator::current (10 bytes)
Event: 0.401 Thread 0x00000217cc060080 nmethod 930 0x00000217b5997010 code [0x00000217b59971e0, 0x00000217b5997548]
Event: 0.402 Thread 0x00000217cc060080  931       3       sun.font.FileFontStrike::getGlyphMetrics (278 bytes)
Event: 0.403 Thread 0x00000217cc060080 nmethod 931 0x00000217b5997690 code [0x00000217b5997a00, 0x00000217b5999198]
Event: 0.403 Thread 0x00000217cc060080  935       1       javax.swing.plaf.basic.BasicHTML$Renderer::getAttributes (2 bytes)
Event: 0.403 Thread 0x00000217cc060080 nmethod 935 0x00000217bd34d010 code [0x00000217bd34d1a0, 0x00000217bd34d278]
Event: 0.408 Thread 0x00000217cc060080  939       1       java.lang.Boolean::booleanValue (5 bytes)
Event: 0.408 Thread 0x00000217cc060080 nmethod 939 0x00000217bd34d310 code [0x00000217bd34d4a0, 0x00000217bd34d578]
Event: 0.408 Thread 0x00000217cc060080  940       3       javax.swing.text.GlyphPainter1::getBoundedPosition (67 bytes)
Event: 0.408 Thread 0x00000217cc060080 nmethod 940 0x00000217b5999a10 code [0x00000217b5999c20, 0x00000217b599a488]
Event: 0.408 Thread 0x00000217cc060080  941       3       javax.swing.text.html.ParagraphView::getAttributes (26 bytes)
Event: 0.408 Thread 0x00000217cc060080 nmethod 941 0x00000217b599a810 code [0x00000217b599aa00, 0x00000217b599b1a8]
Event: 0.408 Thread 0x00000217cc060080  944       3       javax.swing.text.GapContent::getChars (226 bytes)

GC Heap History (0 events):
No events

Dll operation events (8 events):
Event: 0.008 Loaded shared library C:\Users\Hoàng\.p2\pool\plugins\org.eclipse.justj.openjdk.hotspot.jre.full.win32.x86_64_17.0.9.v20231028-0858\jre\bin\java.dll
Event: 0.082 Loaded shared library C:\Users\Hoàng\.p2\pool\plugins\org.eclipse.justj.openjdk.hotspot.jre.full.win32.x86_64_17.0.9.v20231028-0858\jre\bin\jimage.dll
Event: 0.085 Loaded shared library C:\Users\Hoàng\.p2\pool\plugins\org.eclipse.justj.openjdk.hotspot.jre.full.win32.x86_64_17.0.9.v20231028-0858\jre\bin\net.dll
Event: 0.086 Loaded shared library C:\Users\Hoàng\.p2\pool\plugins\org.eclipse.justj.openjdk.hotspot.jre.full.win32.x86_64_17.0.9.v20231028-0858\jre\bin\nio.dll
Event: 0.115 Loaded shared library C:\Users\Hoàng\.p2\pool\plugins\org.eclipse.justj.openjdk.hotspot.jre.full.win32.x86_64_17.0.9.v20231028-0858\jre\bin\zip.dll
Event: 0.130 Loaded shared library C:\Users\Hoàng\.p2\pool\plugins\org.eclipse.justj.openjdk.hotspot.jre.full.win32.x86_64_17.0.9.v20231028-0858\jre\bin\awt.dll
Event: 0.247 Loaded shared library C:\Users\Hoàng\.p2\pool\plugins\org.eclipse.justj.openjdk.hotspot.jre.full.win32.x86_64_17.0.9.v20231028-0858\jre\bin\freetype.dll
Event: 0.248 Loaded shared library C:\Users\Hoàng\.p2\pool\plugins\org.eclipse.justj.openjdk.hotspot.jre.full.win32.x86_64_17.0.9.v20231028-0858\jre\bin\fontmanager.dll

Deoptimization events (20 events):
Event: 0.383 Thread 0x00000217b2173b40 Uncommon trap: trap_request=0xffffff45 fr.pc=0x00000217bd348e60 relative=0x0000000000000060
Event: 0.383 Thread 0x00000217b2173b40 Uncommon trap: reason=unstable_if action=reinterpret pc=0x00000217bd348e60 method=java.awt.Font.equals(Ljava/lang/Object;)Z @ 2 c2
Event: 0.383 Thread 0x00000217b2173b40 DEOPT PACKING pc=0x00000217bd348e60 sp=0x0000002094dfe1b0
Event: 0.383 Thread 0x00000217b2173b40 DEOPT UNPACKING pc=0x00000217bcdc69a3 sp=0x0000002094dfe140 mode 2
Event: 0.392 Thread 0x00000217b2173b40 Uncommon trap: trap_request=0xffffffde fr.pc=0x00000217bd34c5b8 relative=0x0000000000000478
Event: 0.392 Thread 0x00000217b2173b40 Uncommon trap: reason=class_check action=maybe_recompile pc=0x00000217bd34c5b8 method=java.util.HashMap.getNode(Ljava/lang/Object;)Ljava/util/HashMap$Node; @ 63 c2
Event: 0.392 Thread 0x00000217b2173b40 DEOPT PACKING pc=0x00000217bd34c5b8 sp=0x0000002094dfdf90
Event: 0.392 Thread 0x00000217b2173b40 DEOPT UNPACKING pc=0x00000217bcdc69a3 sp=0x0000002094dfdef8 mode 2
Event: 0.392 Thread 0x00000217b2173b40 Uncommon trap: trap_request=0xffffffde fr.pc=0x00000217bd34c5b8 relative=0x0000000000000478
Event: 0.392 Thread 0x00000217b2173b40 Uncommon trap: reason=class_check action=maybe_recompile pc=0x00000217bd34c5b8 method=java.util.HashMap.getNode(Ljava/lang/Object;)Ljava/util/HashMap$Node; @ 63 c2
Event: 0.392 Thread 0x00000217b2173b40 DEOPT PACKING pc=0x00000217bd34c5b8 sp=0x0000002094dfe010
Event: 0.392 Thread 0x00000217b2173b40 DEOPT UNPACKING pc=0x00000217bcdc69a3 sp=0x0000002094dfdf78 mode 2
Event: 0.394 Thread 0x00000217b2173b40 Uncommon trap: trap_request=0xffffffde fr.pc=0x00000217bd34c5b8 relative=0x0000000000000478
Event: 0.394 Thread 0x00000217b2173b40 Uncommon trap: reason=class_check action=maybe_recompile pc=0x00000217bd34c5b8 method=java.util.HashMap.getNode(Ljava/lang/Object;)Ljava/util/HashMap$Node; @ 63 c2
Event: 0.394 Thread 0x00000217b2173b40 DEOPT PACKING pc=0x00000217bd34c5b8 sp=0x0000002094dfdf90
Event: 0.394 Thread 0x00000217b2173b40 DEOPT UNPACKING pc=0x00000217bcdc69a3 sp=0x0000002094dfdef8 mode 2
Event: 0.395 Thread 0x00000217b2173b40 Uncommon trap: trap_request=0xffffffde fr.pc=0x00000217bd34c5b8 relative=0x0000000000000478
Event: 0.395 Thread 0x00000217b2173b40 Uncommon trap: reason=class_check action=maybe_recompile pc=0x00000217bd34c5b8 method=java.util.HashMap.getNode(Ljava/lang/Object;)Ljava/util/HashMap$Node; @ 63 c2
Event: 0.395 Thread 0x00000217b2173b40 DEOPT PACKING pc=0x00000217bd34c5b8 sp=0x0000002094dfe010
Event: 0.395 Thread 0x00000217b2173b40 DEOPT UNPACKING pc=0x00000217bcdc69a3 sp=0x0000002094dfdf78 mode 2

Classes unloaded (0 events):
No events

Classes redefined (0 events):
No events

Internal exceptions (11 events):
Event: 0.094 Thread 0x00000217b2173b40 Exception <a 'java/lang/NoSuchMethodError'{0x0000000091836dd8}: 'java.lang.Object java.lang.invoke.DirectMethodHandle$Holder.invokeStaticInit(java.lang.Object)'> (0x0000000091836dd8) 
thrown [s\src\hotspot\share\interpreter\linkResolver.cpp, line 759]
Event: 0.104 Thread 0x00000217b2173b40 Exception <a 'java/lang/NoSuchMethodError'{0x000000009184d1c8}: 'java.lang.Object java.lang.invoke.Invokers$Holder.invoke_MT(java.lang.Object, java.lang.Object, java.lang.Object)'> (0x000000009184d1c8) 
thrown [s\src\hotspot\share\interpreter\linkResolver.cpp, line 759]
Event: 0.122 Thread 0x00000217b2173b40 Exception <a 'java/lang/ClassNotFoundException'{0x00000000918c4b58}: sun/awt/resources/spi/awtProvider> (0x00000000918c4b58) 
thrown [s\src\hotspot\share\classfile\systemDictionary.cpp, line 256]
Event: 0.139 Thread 0x00000217b2173b40 Exception <a 'java/io/FileNotFoundException'{0x0000000091719e68}> (0x0000000091719e68) 
thrown [s\src\hotspot\share\prims\jni.cpp, line 516]
Event: 0.143 Thread 0x00000217b2173b40 Exception <a 'java/io/FileNotFoundException'{0x0000000091746db0}> (0x0000000091746db0) 
thrown [s\src\hotspot\share\prims\jni.cpp, line 516]
Event: 0.190 Thread 0x00000217b2173b40 Exception <a 'java/lang/NoSuchMethodError'{0x00000000917bb168}: 'void java.lang.invoke.DirectMethodHandle$Holder.invokeSpecial(java.lang.Object, java.lang.Object, java.lang.Object)'> (0x00000000917bb168) 
thrown [s\src\hotspot\share\interpreter\linkResolver.cpp, line 759]
Event: 0.196 Thread 0x00000217b2173b40 Exception <a 'java/lang/NoSuchMethodError'{0x00000000917e5180}: 'java.lang.Object java.lang.invoke.DirectMethodHandle$Holder.newInvokeSpecial(java.lang.Object, java.lang.Object, java.lang.Object, java.lang.Object, java.lang.Object)'> (0x00000000917e5180) 
thrown [s\src\hotspot\share\interpreter\linkResolver.cpp, line 759]
Event: 0.197 Thread 0x00000217b2173b40 Exception <a 'java/lang/NoSuchMethodError'{0x0000000091604fe0}: 'java.lang.Object java.lang.invoke.DirectMethodHandle$Holder.invokeStatic(java.lang.Object, int, java.lang.Object, java.lang.Object, java.lang.Object, java.lang.Object)'> (0x0000000091604fe0) 
thrown [s\src\hotspot\share\interpreter\linkResolver.cpp, line 759]
Event: 0.200 Thread 0x00000217b2173b40 Exception <a 'java/lang/NoSuchMethodError'{0x000000009162a7a0}: 'java.lang.Object java.lang.invoke.DirectMethodHandle$Holder.invokeStatic(java.lang.Object, int, java.lang.Object)'> (0x000000009162a7a0) 
thrown [s\src\hotspot\share\interpreter\linkResolver.cpp, line 759]
Event: 0.218 Thread 0x00000217b2173b40 Exception <a 'java/lang/ClassNotFoundException'{0x00000000916e4d40}: com/sun/swing/internal/plaf/metal/resources/spi/metalProvider> (0x00000000916e4d40) 
thrown [s\src\hotspot\share\classfile\systemDictionary.cpp, line 256]
Event: 0.219 Thread 0x00000217b2173b40 Exception <a 'java/lang/ClassNotFoundException'{0x00000000916e89a0}: com/sun/swing/internal/plaf/basic/resources/spi/basicProvider> (0x00000000916e89a0) 
thrown [s\src\hotspot\share\classfile\systemDictionary.cpp, line 256]

VM Operations (4 events):
Event: 0.116 Executing VM operation: HandshakeAllThreads
Event: 0.117 Executing VM operation: HandshakeAllThreads done
Event: 0.258 Executing VM operation: HandshakeAllThreads
Event: 0.258 Executing VM operation: HandshakeAllThreads done

Events (20 events):
Event: 0.383 loading class java/awt/EventFilter done
Event: 0.383 loading class java/awt/EventDispatchThread$HierarchyEventFilter done
Event: 0.383 loading class java/awt/ModalEventFilter
Event: 0.383 loading class sun/swing/SwingUtilities2$KeyPair
Event: 0.383 loading class sun/swing/SwingUtilities2$KeyPair done
Event: 0.383 loading class java/awt/ModalEventFilter done
Event: 0.383 loading class java/awt/EventFilter$FilterAction
Event: 0.383 loading class java/awt/EventFilter$FilterAction done
Event: 0.383 loading class sun/awt/dnd/SunDragSourceContextPeer
Event: 0.383 loading class java/awt/dnd/peer/DragSourceContextPeer
Event: 0.383 loading class java/awt/dnd/peer/DragSourceContextPeer done
Event: 0.383 loading class sun/awt/dnd/SunDragSourceContextPeer done
Event: 0.383 loading class java/awt/EventQueue$4
Event: 0.383 loading class java/awt/EventQueue$4 done
Event: 0.383 loading class java/awt/EventQueue$5
Event: 0.383 loading class java/awt/EventQueue$5 done
Event: 0.384 loading class java/awt/event/InputMethodEvent
Event: 0.384 loading class java/awt/event/InputMethodEvent done
Event: 0.384 loading class java/awt/event/ActionEvent
Event: 0.384 loading class java/awt/event/ActionEvent done


Dynamic libraries:
0x00007ff7bc1e0000 - 0x00007ff7bc1ee000 	C:\Users\Hoàng\.p2\pool\plugins\org.eclipse.justj.openjdk.hotspot.jre.full.win32.x86_64_17.0.9.v20231028-0858\jre\bin\javaw.exe
0x00007ffc463f0000 - 0x00007ffc46607000 	C:\Windows\SYSTEM32\ntdll.dll
0x00007ffc447a0000 - 0x00007ffc44864000 	C:\Windows\System32\KERNEL32.DLL
0x00007ffc43840000 - 0x00007ffc43be6000 	C:\Windows\System32\KERNELBASE.dll
0x00007ffc44030000 - 0x00007ffc44141000 	C:\Windows\System32\ucrtbase.dll
0x00007ffc3d7e0000 - 0x00007ffc3d7fb000 	C:\Users\Hoàng\.p2\pool\plugins\org.eclipse.justj.openjdk.hotspot.jre.full.win32.x86_64_17.0.9.v20231028-0858\jre\bin\VCRUNTIME140.dll
0x00007ffc3ebf0000 - 0x00007ffc3ec07000 	C:\Users\Hoàng\.p2\pool\plugins\org.eclipse.justj.openjdk.hotspot.jre.full.win32.x86_64_17.0.9.v20231028-0858\jre\bin\jli.dll
0x00007ffc44390000 - 0x00007ffc4453d000 	C:\Windows\System32\USER32.dll
0x00007ffc43810000 - 0x00007ffc43836000 	C:\Windows\System32\win32u.dll
0x00007ffc46120000 - 0x00007ffc46149000 	C:\Windows\System32\GDI32.dll
0x00007ffc22ed0000 - 0x00007ffc23163000 	C:\Windows\WinSxS\amd64_microsoft.windows.common-controls_6595b64144ccf1df_6.0.22621.2361_none_2712ced57382f843\COMCTL32.dll
0x00007ffc43e20000 - 0x00007ffc43f38000 	C:\Windows\System32\gdi32full.dll
0x00007ffc43770000 - 0x00007ffc4380a000 	C:\Windows\System32\msvcp_win.dll
0x00007ffc44150000 - 0x00007ffc441f7000 	C:\Windows\System32\msvcrt.dll
0x00007ffc44350000 - 0x00007ffc44381000 	C:\Windows\System32\IMM32.DLL
0x00007ffc40260000 - 0x00007ffc4026c000 	C:\Users\Hoàng\.p2\pool\plugins\org.eclipse.justj.openjdk.hotspot.jre.full.win32.x86_64_17.0.9.v20231028-0858\jre\bin\vcruntime140_1.dll
0x00007ffc32fc0000 - 0x00007ffc3304d000 	C:\Users\Hoàng\.p2\pool\plugins\org.eclipse.justj.openjdk.hotspot.jre.full.win32.x86_64_17.0.9.v20231028-0858\jre\bin\msvcp140.dll
0x00007ffbfc2c0000 - 0x00007ffbfcf21000 	C:\Users\Hoàng\.p2\pool\plugins\org.eclipse.justj.openjdk.hotspot.jre.full.win32.x86_64_17.0.9.v20231028-0858\jre\bin\server\jvm.dll
0x00007ffc45580000 - 0x00007ffc45630000 	C:\Windows\System32\ADVAPI32.dll
0x00007ffc46300000 - 0x00007ffc463a6000 	C:\Windows\System32\sechost.dll
0x00007ffc44870000 - 0x00007ffc44987000 	C:\Windows\System32\RPCRT4.dll
0x00007ffc2b8c0000 - 0x00007ffc2b8c9000 	C:\Windows\SYSTEM32\WSOCK32.dll
0x00007ffc3db70000 - 0x00007ffc3dba4000 	C:\Windows\SYSTEM32\WINMM.dll
0x00007ffc44260000 - 0x00007ffc442d1000 	C:\Windows\System32\WS2_32.dll
0x00007ffc3d670000 - 0x00007ffc3d67a000 	C:\Windows\SYSTEM32\VERSION.dll
0x00007ffc43640000 - 0x00007ffc4368d000 	C:\Windows\SYSTEM32\POWRPROF.dll
0x00007ffc43620000 - 0x00007ffc43633000 	C:\Windows\SYSTEM32\UMPDC.dll
0x00007ffc42750000 - 0x00007ffc42768000 	C:\Windows\SYSTEM32\kernel.appcore.dll
0x00007ffc3e920000 - 0x00007ffc3e92a000 	C:\Users\Hoàng\.p2\pool\plugins\org.eclipse.justj.openjdk.hotspot.jre.full.win32.x86_64_17.0.9.v20231028-0858\jre\bin\jimage.dll
0x00007ffc3bfb0000 - 0x00007ffc3c1de000 	C:\Windows\SYSTEM32\DBGHELP.DLL
0x00007ffc449b0000 - 0x00007ffc44d3a000 	C:\Windows\System32\combase.dll
0x00007ffc45630000 - 0x00007ffc45707000 	C:\Windows\System32\OLEAUT32.dll
0x00007ffc25700000 - 0x00007ffc25732000 	C:\Windows\SYSTEM32\dbgcore.DLL
0x00007ffc43fb0000 - 0x00007ffc4402a000 	C:\Windows\System32\bcryptPrimitives.dll
0x00007ffc387b0000 - 0x00007ffc387d5000 	C:\Users\Hoàng\.p2\pool\plugins\org.eclipse.justj.openjdk.hotspot.jre.full.win32.x86_64_17.0.9.v20231028-0858\jre\bin\java.dll
0x00007ffc38a80000 - 0x00007ffc38a98000 	C:\Users\Hoàng\.p2\pool\plugins\org.eclipse.justj.openjdk.hotspot.jre.full.win32.x86_64_17.0.9.v20231028-0858\jre\bin\zip.dll
0x00007ffc458c0000 - 0x00007ffc46118000 	C:\Windows\System32\SHELL32.dll
0x00007ffc416d0000 - 0x00007ffc41fc2000 	C:\Windows\SYSTEM32\windows.storage.dll
0x00007ffc41590000 - 0x00007ffc416ce000 	C:\Windows\SYSTEM32\wintypes.dll
0x00007ffc45480000 - 0x00007ffc45573000 	C:\Windows\System32\SHCORE.dll
0x00007ffc45410000 - 0x00007ffc4546e000 	C:\Windows\System32\shlwapi.dll
0x00007ffc436a0000 - 0x00007ffc436c6000 	C:\Windows\SYSTEM32\profapi.dll
0x00007ffc349c0000 - 0x00007ffc349d9000 	C:\Users\Hoàng\.p2\pool\plugins\org.eclipse.justj.openjdk.hotspot.jre.full.win32.x86_64_17.0.9.v20231028-0858\jre\bin\net.dll
0x00007ffc3d320000 - 0x00007ffc3d457000 	C:\Windows\SYSTEM32\WINHTTP.dll
0x00007ffc42ca0000 - 0x00007ffc42d09000 	C:\Windows\system32\mswsock.dll
0x00007ffc349a0000 - 0x00007ffc349b6000 	C:\Users\Hoàng\.p2\pool\plugins\org.eclipse.justj.openjdk.hotspot.jre.full.win32.x86_64_17.0.9.v20231028-0858\jre\bin\nio.dll
0x00007ffc15590000 - 0x00007ffc15720000 	C:\Users\Hoàng\.p2\pool\plugins\org.eclipse.justj.openjdk.hotspot.jre.full.win32.x86_64_17.0.9.v20231028-0858\jre\bin\awt.dll
0x00007ffc40b20000 - 0x00007ffc40bb7000 	C:\Windows\SYSTEM32\apphelp.dll
0x00007ffc40c20000 - 0x00007ffc40ccb000 	C:\Windows\system32\uxtheme.dll
0x00007ffc44650000 - 0x00007ffc4479c000 	C:\Windows\System32\MSCTF.dll
0x00007ffc46150000 - 0x00007ffc462ef000 	C:\Windows\System32\ole32.dll
0x00007ffc41120000 - 0x00007ffc4114b000 	C:\Windows\system32\DWMAPI.DLL
0x00007ffc15400000 - 0x00007ffc15488000 	C:\Users\Hoàng\.p2\pool\plugins\org.eclipse.justj.openjdk.hotspot.jre.full.win32.x86_64_17.0.9.v20231028-0858\jre\bin\freetype.dll
0x00007ffc15320000 - 0x00007ffc153f3000 	C:\Users\Hoàng\.p2\pool\plugins\org.eclipse.justj.openjdk.hotspot.jre.full.win32.x86_64_17.0.9.v20231028-0858\jre\bin\fontmanager.dll
0x00007ffc15490000 - 0x00007ffc15590000 	C:\Windows\system32\opengl32.dll
0x00007ffc38a00000 - 0x00007ffc38a2d000 	C:\Windows\SYSTEM32\GLU32.dll
0x00007ffc40e00000 - 0x00007ffc40e36000 	C:\Windows\SYSTEM32\dxcore.dll
0x00007ffc380b0000 - 0x00007ffc38259000 	C:\Windows\system32\d3d9.dll
0x00007ffc31230000 - 0x00007ffc3140b000 	C:\Windows\System32\DriverStore\FileRepository\u0371182.inf_amd64_e046f8d87ec91fad\B371034\aticfx64.dll
0x00007ffbfaca0000 - 0x00007ffbfacd3000 	C:\Windows\System32\DriverStore\FileRepository\u0371182.inf_amd64_e046f8d87ec91fad\B371034\atiu9p64.dll
0x00007ffbd19a0000 - 0x00007ffbd26ac000 	C:\Windows\System32\DriverStore\FileRepository\u0371182.inf_amd64_e046f8d87ec91fad\B371034\atiumd64.dll
0x00007ffc2a3a0000 - 0x00007ffc2a3cf000 	C:\Windows\SYSTEM32\amdihk64.dll
0x00007ffc38260000 - 0x00007ffc382aa000 	C:\Windows\SYSTEM32\directxdatabasehelper.dll
0x00007ffc35f40000 - 0x00007ffc3608a000 	C:\Windows\SYSTEM32\textinputframework.dll

dbghelp: loaded successfully - version: 4.0.5 - missing functions: none
symbol engine: initialized successfully - sym options: 0x614 - pdb path: .;C:\Users\Hoàng\.p2\pool\plugins\org.eclipse.justj.openjdk.hotspot.jre.full.win32.x86_64_17.0.9.v20231028-0858\jre\bin;C:\Windows\SYSTEM32;C:\Windows\WinSxS\amd64_microsoft.windows.common-controls_6595b64144ccf1df_6.0.22621.2361_none_2712ced57382f843;C:\Users\Hoàng\.p2\pool\plugins\org.eclipse.justj.openjdk.hotspot.jre.full.win32.x86_64_17.0.9.v20231028-0858\jre\bin\server;C:\Windows\System32\DriverStore\FileRepository\u0371182.inf_amd64_e046f8d87ec91fad\B371034

VM Arguments:
jvm_args: -Dfile.encoding=UTF-8 -Dstdout.encoding=UTF-8 -Dstderr.encoding=UTF-8 -XX:+ShowCodeDetailsInExceptionMessages 
java_command: Chung.main
java_class_path (initial): E:\study\dai_hoc\hk5\lap_trinh_java\do_an\pim\PIM_ver4\bin;E:\study\dai_hoc\hk5\lap_trinh_java\do_an\pim\jcalendar-1.4.jar;E:\study\dai_hoc\hk5\lap_trinh_java\do_an\pim\ojdbc11.jar;E:\study\dai_hoc\hk5\lap_trinh_java\do_an\pim\jcommon-1.0.23.jar;E:\study\dai_hoc\hk5\lap_trinh_java\do_an\pim\jfreechart-1.0.19.jar
Launcher Type: SUN_STANDARD

[Global flags]
     intx CICompilerCount                          = 4                                         {product} {ergonomic}
     uint ConcGCThreads                            = 3                                         {product} {ergonomic}
     uint G1ConcRefinementThreads                  = 10                                        {product} {ergonomic}
   size_t G1HeapRegionSize                         = 1048576                                   {product} {ergonomic}
    uintx GCDrainStackTargetSize                   = 64                                        {product} {ergonomic}
   size_t InitialHeapSize                          = 123731968                                 {product} {ergonomic}
   size_t MarkStackSize                            = 4194304                                   {product} {ergonomic}
   size_t MaxHeapSize                              = 1975517184                                {product} {ergonomic}
   size_t MaxNewSize                               = 1184890880                                {product} {ergonomic}
   size_t MinHeapDeltaBytes                        = 1048576                                   {product} {ergonomic}
   size_t MinHeapSize                              = 8388608                                   {product} {ergonomic}
    uintx NonNMethodCodeHeapSize                   = 5839372                                {pd product} {ergonomic}
    uintx NonProfiledCodeHeapSize                  = 122909434                              {pd product} {ergonomic}
    uintx ProfiledCodeHeapSize                     = 122909434                              {pd product} {ergonomic}
    uintx ReservedCodeCacheSize                    = 251658240                              {pd product} {ergonomic}
     bool SegmentedCodeCache                       = true                                      {product} {ergonomic}
     bool ShowCodeDetailsInExceptionMessages       = true                                   {manageable} {command line}
   size_t SoftMaxHeapSize                          = 1975517184                             {manageable} {ergonomic}
     bool UseCompressedClassPointers               = true                           {product lp64_product} {ergonomic}
     bool UseCompressedOops                        = true                           {product lp64_product} {ergonomic}
     bool UseG1GC                                  = true                                      {product} {ergonomic}
     bool UseLargePagesIndividualAllocation        = false                                  {pd product} {ergonomic}

Logging:
Log output configuration:
 #0: stdout all=warning uptime,level,tags
 #1: stderr all=off uptime,level,tags

Environment Variables:
PATH=C:/Users/Hoàng/.p2/pool/plugins/org.eclipse.justj.openjdk.hotspot.jre.full.win32.x86_64_17.0.9.v20231028-0858/jre/bin/server;C:/Users/Hoàng/.p2/pool/plugins/org.eclipse.justj.openjdk.hotspot.jre.full.win32.x86_64_17.0.9.v20231028-0858/jre/bin;C:\Oracle\WINDOWS.X64_193000_db_home\bin;C:\Windows\system32;C:\Windows;C:\Windows\System32\Wbem;C:\Windows\System32\WindowsPowerShell\v1.0\;C:\Windows\System32\OpenSSH\;C:\Program Files (x86)\NVIDIA Corporation\PhysX\Common;C:\Program Files\NVIDIA Corporation\NVIDIA NvDLISR;C:\Windows\system32;C:\Windows;C:\Windows\System32\Wbem;C:\Windows\System32\WindowsPowerShell\v1.0\;C:\Windows\System32\OpenSSH\;C:\xampp\php;C:\composer;C:\Program Files\Microsoft SQL Server\150\Tools\Binn\;C:\Program Files\Microsoft SQL Server\Client SDK\ODBC\170\Tools\Binn\;C:\Program Files\dotnet\;C:\Users\Hoàng\AppData\Local\Microsoft\WindowsApps;C:\Users\Hoàng\AppData\Roaming\Composer\vendor\bin;C:\Users\Hoàng\AppData\Local\Programs\Microsoft VS Code\bin;C:\Users\Hoàng\.dotnet\tools;C:\Users\Hoàng\OneDrive - Tru?ng ÐH CNTT - University of Information Technology\Máy tính\New folder;
USERNAME=Hoàng
OS=Windows_NT
PROCESSOR_IDENTIFIER=AMD64 Family 25 Model 80 Stepping 0, AuthenticAMD
TMP=C:\Users\HONG~1\AppData\Local\Temp
TEMP=C:\Users\HONG~1\AppData\Local\Temp



Periodic native trim disabled


---------------  S Y S T E M  ---------------

OS:
 Windows 11 , 64 bit Build 22621 (10.0.22621.2428)
OS uptime: 3 days 13:13 hours

CPU: total 12 (initial active 12) (12 cores per cpu, 2 threads per core) family 25 model 80 stepping 0 microcode 0x0, cx8, cmov, fxsr, ht, mmx, 3dnowpref, sse, sse2, sse3, ssse3, sse4a, sse4.1, sse4.2, popcnt, lzcnt, tsc, tscinvbit, avx, avx2, aes, erms, clmul, bmi1, bmi2, adx, sha, fma, vzeroupper, clflush, clflushopt
Processor Information for processor 0
  Max Mhz: 3301, Current Mhz: 3301, Mhz Limit: 3301
Processor Information for processor 1
  Max Mhz: 3301, Current Mhz: 2011, Mhz Limit: 3301
Processor Information for processor 2
  Max Mhz: 3301, Current Mhz: 2011, Mhz Limit: 3301
Processor Information for processor 3
  Max Mhz: 3301, Current Mhz: 2011, Mhz Limit: 3301
Processor Information for processor 4
  Max Mhz: 3301, Current Mhz: 2011, Mhz Limit: 3301
Processor Information for processor 5
  Max Mhz: 3301, Current Mhz: 3301, Mhz Limit: 3301
Processor Information for processor 6
  Max Mhz: 3301, Current Mhz: 2011, Mhz Limit: 3301
Processor Information for processor 7
  Max Mhz: 3301, Current Mhz: 2011, Mhz Limit: 3301
Processor Information for processor 8
  Max Mhz: 3301, Current Mhz: 3301, Mhz Limit: 3301
Processor Information for processor 9
  Max Mhz: 3301, Current Mhz: 2011, Mhz Limit: 3301
Processor Information for processor 10
  Max Mhz: 3301, Current Mhz: 2011, Mhz Limit: 3301
Processor Information for processor 11
  Max Mhz: 3301, Current Mhz: 2011, Mhz Limit: 3301

Memory: 4k page, system-wide physical 7532M (142M free)
TotalPageFile size 31084M (AvailPageFile size 5M)
current process WorkingSet (physical memory assigned to process): 68M, peak: 68M
current process commit charge ("private bytes"): 217M, peak: 218M

vm_info: OpenJDK 64-Bit Server VM (17.0.9+9) for windows-amd64 JRE (17.0.9+9), built on Oct 26 2023 14:01:42 by "admin" with MS VC++ 16.10 / 16.11 (VS2019)

END.
